2020-12-04 17:34:19,133:INFO:PyCaret Regression Module
2020-12-04 17:34:19,133:INFO:version 2.1.2
2020-12-04 17:34:19,133:INFO:Initializing setup()
2020-12-04 17:34:19,133:INFO:USI: 5b7d
2020-12-04 17:34:19,134:INFO:setup(data=(506, 14), target=medv, train_size=0.7, sampling=True, sample_estimator=None, categorical_features=None, categorical_imputation=constant, ordinal_features=None,
                    high_cardinality_features=None, high_cardinality_method=frequency, numeric_features=None, numeric_imputation=mean, date_features=None, ignore_features=None, normalize=False,
                    normalize_method=zscore, transformation=False, transformation_method=yeo-johnson, handle_unknown_categorical=True, unknown_categorical_method=least_frequent, pca=False, pca_method=linear,
                    pca_components=None, ignore_low_variance=False, combine_rare_levels=False, rare_level_threshold=0.1, bin_numeric_features=None, remove_outliers=False, outliers_threshold=0.05,
                    remove_multicollinearity=False, multicollinearity_threshold=0.9, remove_perfect_collinearity=False, create_clusters=False, cluster_iter=20,
                    polynomial_features=False, polynomial_degree=2, trigonometry_features=False, polynomial_threshold=0.1, group_features=None,
                    group_names=None, feature_selection=False, feature_selection_threshold=0.8, feature_interaction=False, feature_ratio=False, interaction_threshold=0.01, transform_target=False,
                    transform_target_method=box-cox, data_split_shuffle=True, folds_shuffle=False, n_jobs=-1, html=True, session_id=None, log_experiment=False,
                    experiment_name=None, log_plots=False, log_profile=False, log_data=False, silent=False, verbose=True, profile=False)
2020-12-04 17:34:19,134:INFO:Checking environment
2020-12-04 17:34:19,134:INFO:python_version: 3.8.3
2020-12-04 17:34:19,134:INFO:python_build: ('default', 'Jul  2 2020 11:26:31')
2020-12-04 17:34:19,134:INFO:machine: x86_64
2020-12-04 17:34:19,146:INFO:platform: macOS-10.15.7-x86_64-i386-64bit
2020-12-04 17:34:19,159:INFO:Memory: svmem(total=17179869184, available=6469513216, percent=62.3, used=9054801920, free=873394176, active=5600899072, inactive=4698370048, wired=3453902848)
2020-12-04 17:34:19,159:INFO:Physical Core: 4
2020-12-04 17:34:19,159:INFO:Logical Core: 8
2020-12-04 17:34:19,159:INFO:Checking libraries
2020-12-04 17:34:19,159:INFO:pd==1.0.5
2020-12-04 17:34:19,160:INFO:numpy==1.18.5
2020-12-04 17:34:19,913:INFO:sklearn==0.23.1
2020-12-04 17:34:20,580:INFO:xgboost==1.2.0
2020-12-04 17:34:20,701:INFO:lightgbm==3.0.0
2020-12-04 17:34:20,782:INFO:catboost==0.24.1
2020-12-04 17:34:21,625:INFO:mlflow==1.11.0
2020-12-04 17:34:21,626:INFO:Checking Exceptions
2020-12-04 17:34:21,626:INFO:Preloading libraries
2020-12-04 17:34:21,626:INFO:Preparing display monitor
2020-12-04 17:34:21,635:INFO:Importing libraries
2020-12-04 17:34:23,478:INFO:Declaring global variables
2020-12-04 17:34:23,478:INFO:Copying data for preprocessing
2020-12-04 17:34:23,483:INFO:Declaring preprocessing parameters
2020-12-04 17:34:23,483:INFO:Importing preprocessing module
2020-12-04 17:34:24,358:INFO:Creating preprocessing pipeline
2020-12-04 17:34:27,350:INFO:Preprocessing pipeline created successfully
2020-12-04 17:34:27,350:INFO:No inverse transformer found
2020-12-04 17:34:27,350:INFO:Creating grid variables
2020-12-04 17:34:27,353:INFO:Creating global containers
2020-12-04 17:34:27,426:INFO:create_model_container: 0
2020-12-04 17:34:27,426:INFO:master_model_container: 0
2020-12-04 17:34:27,426:INFO:display_container: 0
2020-12-04 17:34:27,426:INFO:setup() succesfully completed......................................
2020-12-04 17:34:42,089:INFO:Initializing compare_models()
2020-12-04 17:34:42,089:INFO:compare_models(exclude=None, include=None, fold=10, round=4, sort=R2, n_select=1, turbo=True, verbose=True)
2020-12-04 17:34:42,089:INFO:Checking exceptions
2020-12-04 17:34:42,089:INFO:Preloading libraries
2020-12-04 17:34:42,089:INFO:Preparing display monitor
2020-12-04 17:34:42,112:INFO:Copying training dataset
2020-12-04 17:34:42,113:INFO:Importing libraries
2020-12-04 17:34:42,129:INFO:Importing untrained models
2020-12-04 17:34:42,129:INFO:Import successful
2020-12-04 17:34:42,134:INFO:Defining folds
2020-12-04 17:34:42,134:INFO:Declaring metric variables
2020-12-04 17:34:42,135:INFO:Initializing Linear Regression
2020-12-04 17:34:42,142:INFO:Initializing Fold 1
2020-12-04 17:34:42,143:INFO:Total runtime is 0.00014208157857259113 minutes
2020-12-04 17:34:42,149:INFO:Fitting Model
2020-12-04 17:34:42,161:INFO:Evaluating Metrics
2020-12-04 17:34:42,163:INFO:No inverse transformer found
2020-12-04 17:34:42,164:INFO:Compiling Metrics
2020-12-04 17:34:42,169:INFO:Initializing Fold 2
2020-12-04 17:34:42,169:INFO:Total runtime is 0.0005788962046305338 minutes
2020-12-04 17:34:42,175:INFO:Fitting Model
2020-12-04 17:34:42,177:INFO:Evaluating Metrics
2020-12-04 17:34:42,179:INFO:No inverse transformer found
2020-12-04 17:34:42,179:INFO:Compiling Metrics
2020-12-04 17:34:42,185:INFO:Initializing Fold 3
2020-12-04 17:34:42,185:INFO:Total runtime is 0.0008431315422058105 minutes
2020-12-04 17:34:42,190:INFO:Fitting Model
2020-12-04 17:34:42,193:INFO:Evaluating Metrics
2020-12-04 17:34:42,195:INFO:No inverse transformer found
2020-12-04 17:34:42,195:INFO:Compiling Metrics
2020-12-04 17:34:42,200:INFO:Initializing Fold 4
2020-12-04 17:34:42,201:INFO:Total runtime is 0.001104732354482015 minutes
2020-12-04 17:34:42,205:INFO:Fitting Model
2020-12-04 17:34:42,208:INFO:Evaluating Metrics
2020-12-04 17:34:42,210:INFO:No inverse transformer found
2020-12-04 17:34:42,210:INFO:Compiling Metrics
2020-12-04 17:34:42,217:INFO:Initializing Fold 5
2020-12-04 17:34:42,217:INFO:Total runtime is 0.0013773282368977863 minutes
2020-12-04 17:34:42,223:INFO:Fitting Model
2020-12-04 17:34:42,225:INFO:Evaluating Metrics
2020-12-04 17:34:42,226:INFO:No inverse transformer found
2020-12-04 17:34:42,227:INFO:Compiling Metrics
2020-12-04 17:34:42,233:INFO:Initializing Fold 6
2020-12-04 17:34:42,233:INFO:Total runtime is 0.0016445477803548175 minutes
2020-12-04 17:34:42,239:INFO:Fitting Model
2020-12-04 17:34:42,242:INFO:Evaluating Metrics
2020-12-04 17:34:42,244:INFO:No inverse transformer found
2020-12-04 17:34:42,244:INFO:Compiling Metrics
2020-12-04 17:34:42,249:INFO:Initializing Fold 7
2020-12-04 17:34:42,250:INFO:Total runtime is 0.001922317345937093 minutes
2020-12-04 17:34:42,255:INFO:Fitting Model
2020-12-04 17:34:42,258:INFO:Evaluating Metrics
2020-12-04 17:34:42,260:INFO:No inverse transformer found
2020-12-04 17:34:42,260:INFO:Compiling Metrics
2020-12-04 17:34:42,265:INFO:Initializing Fold 8
2020-12-04 17:34:42,265:INFO:Total runtime is 0.002177600065867106 minutes
2020-12-04 17:34:42,271:INFO:Fitting Model
2020-12-04 17:34:42,274:INFO:Evaluating Metrics
2020-12-04 17:34:42,276:INFO:No inverse transformer found
2020-12-04 17:34:42,276:INFO:Compiling Metrics
2020-12-04 17:34:42,281:INFO:Initializing Fold 9
2020-12-04 17:34:42,281:INFO:Total runtime is 0.0024423480033874513 minutes
2020-12-04 17:34:42,285:INFO:Fitting Model
2020-12-04 17:34:42,288:INFO:Evaluating Metrics
2020-12-04 17:34:42,290:INFO:No inverse transformer found
2020-12-04 17:34:42,290:INFO:Compiling Metrics
2020-12-04 17:34:42,296:INFO:Initializing Fold 10
2020-12-04 17:34:42,297:INFO:Total runtime is 0.002700432141621908 minutes
2020-12-04 17:34:42,301:INFO:Fitting Model
2020-12-04 17:34:42,304:INFO:Evaluating Metrics
2020-12-04 17:34:42,306:INFO:No inverse transformer found
2020-12-04 17:34:42,306:INFO:Compiling Metrics
2020-12-04 17:34:42,312:INFO:Calculating mean and std
2020-12-04 17:34:42,312:INFO:Creating metrics dataframe
2020-12-04 17:34:42,324:INFO:Initializing Lasso Regression
2020-12-04 17:34:42,330:INFO:Initializing Fold 1
2020-12-04 17:34:42,331:INFO:Total runtime is 0.0032719492912292483 minutes
2020-12-04 17:34:42,338:INFO:Fitting Model
2020-12-04 17:34:42,342:INFO:Evaluating Metrics
2020-12-04 17:34:42,345:INFO:No inverse transformer found
2020-12-04 17:34:42,346:INFO:Compiling Metrics
2020-12-04 17:34:42,353:INFO:Initializing Fold 2
2020-12-04 17:34:42,354:INFO:Total runtime is 0.0036524136861165366 minutes
2020-12-04 17:34:42,360:INFO:Fitting Model
2020-12-04 17:34:42,364:INFO:Evaluating Metrics
2020-12-04 17:34:42,365:INFO:No inverse transformer found
2020-12-04 17:34:42,365:INFO:Compiling Metrics
2020-12-04 17:34:42,372:INFO:Initializing Fold 3
2020-12-04 17:34:42,373:INFO:Total runtime is 0.0039705634117126465 minutes
2020-12-04 17:34:42,378:INFO:Fitting Model
2020-12-04 17:34:42,381:INFO:Evaluating Metrics
2020-12-04 17:34:42,382:INFO:No inverse transformer found
2020-12-04 17:34:42,383:INFO:Compiling Metrics
2020-12-04 17:34:42,389:INFO:Initializing Fold 4
2020-12-04 17:34:42,390:INFO:Total runtime is 0.004251547654469808 minutes
2020-12-04 17:34:42,394:INFO:Fitting Model
2020-12-04 17:34:42,397:INFO:Evaluating Metrics
2020-12-04 17:34:42,398:INFO:No inverse transformer found
2020-12-04 17:34:42,399:INFO:Compiling Metrics
2020-12-04 17:34:42,405:INFO:Initializing Fold 5
2020-12-04 17:34:42,405:INFO:Total runtime is 0.0045140147209167475 minutes
2020-12-04 17:34:42,410:INFO:Fitting Model
2020-12-04 17:34:42,413:INFO:Evaluating Metrics
2020-12-04 17:34:42,415:INFO:No inverse transformer found
2020-12-04 17:34:42,415:INFO:Compiling Metrics
2020-12-04 17:34:42,419:INFO:Initializing Fold 6
2020-12-04 17:34:42,420:INFO:Total runtime is 0.004763066768646239 minutes
2020-12-04 17:34:42,427:INFO:Fitting Model
2020-12-04 17:34:42,430:INFO:Evaluating Metrics
2020-12-04 17:34:42,432:INFO:No inverse transformer found
2020-12-04 17:34:42,432:INFO:Compiling Metrics
2020-12-04 17:34:42,438:INFO:Initializing Fold 7
2020-12-04 17:34:42,439:INFO:Total runtime is 0.005066299438476561 minutes
2020-12-04 17:34:42,443:INFO:Fitting Model
2020-12-04 17:34:42,447:INFO:Evaluating Metrics
2020-12-04 17:34:42,448:INFO:No inverse transformer found
2020-12-04 17:34:42,448:INFO:Compiling Metrics
2020-12-04 17:34:42,454:INFO:Initializing Fold 8
2020-12-04 17:34:42,454:INFO:Total runtime is 0.005328929424285887 minutes
2020-12-04 17:34:42,459:INFO:Fitting Model
2020-12-04 17:34:42,463:INFO:Evaluating Metrics
2020-12-04 17:34:42,464:INFO:No inverse transformer found
2020-12-04 17:34:42,464:INFO:Compiling Metrics
2020-12-04 17:34:42,469:INFO:Initializing Fold 9
2020-12-04 17:34:42,470:INFO:Total runtime is 0.005584832032521564 minutes
2020-12-04 17:34:42,475:INFO:Fitting Model
2020-12-04 17:34:42,478:INFO:Evaluating Metrics
2020-12-04 17:34:42,480:INFO:No inverse transformer found
2020-12-04 17:34:42,480:INFO:Compiling Metrics
2020-12-04 17:34:42,485:INFO:Initializing Fold 10
2020-12-04 17:34:42,486:INFO:Total runtime is 0.005856597423553465 minutes
2020-12-04 17:34:42,492:INFO:Fitting Model
2020-12-04 17:34:42,495:INFO:Evaluating Metrics
2020-12-04 17:34:42,497:INFO:No inverse transformer found
2020-12-04 17:34:42,497:INFO:Compiling Metrics
2020-12-04 17:34:42,502:INFO:Calculating mean and std
2020-12-04 17:34:42,502:INFO:Creating metrics dataframe
2020-12-04 17:34:42,511:INFO:Initializing Ridge Regression
2020-12-04 17:34:42,515:INFO:Initializing Fold 1
2020-12-04 17:34:42,516:INFO:Total runtime is 0.006353616714477537 minutes
2020-12-04 17:34:42,522:INFO:Fitting Model
2020-12-04 17:34:42,526:INFO:Evaluating Metrics
2020-12-04 17:34:42,529:INFO:No inverse transformer found
2020-12-04 17:34:42,529:INFO:Compiling Metrics
2020-12-04 17:34:42,537:INFO:Initializing Fold 2
2020-12-04 17:34:42,537:INFO:Total runtime is 0.00671486457188924 minutes
2020-12-04 17:34:42,544:INFO:Fitting Model
2020-12-04 17:34:42,546:INFO:Evaluating Metrics
2020-12-04 17:34:42,548:INFO:No inverse transformer found
2020-12-04 17:34:42,548:INFO:Compiling Metrics
2020-12-04 17:34:42,555:INFO:Initializing Fold 3
2020-12-04 17:34:42,555:INFO:Total runtime is 0.007013595104217528 minutes
2020-12-04 17:34:42,561:INFO:Fitting Model
2020-12-04 17:34:42,564:INFO:Evaluating Metrics
2020-12-04 17:34:42,565:INFO:No inverse transformer found
2020-12-04 17:34:42,565:INFO:Compiling Metrics
2020-12-04 17:34:42,571:INFO:Initializing Fold 4
2020-12-04 17:34:42,572:INFO:Total runtime is 0.007282666365305581 minutes
2020-12-04 17:34:42,578:INFO:Fitting Model
2020-12-04 17:34:42,580:INFO:Evaluating Metrics
2020-12-04 17:34:42,582:INFO:No inverse transformer found
2020-12-04 17:34:42,582:INFO:Compiling Metrics
2020-12-04 17:34:42,588:INFO:Initializing Fold 5
2020-12-04 17:34:42,588:INFO:Total runtime is 0.0075639804204305 minutes
2020-12-04 17:34:42,594:INFO:Fitting Model
2020-12-04 17:34:42,597:INFO:Evaluating Metrics
2020-12-04 17:34:42,599:INFO:No inverse transformer found
2020-12-04 17:34:42,599:INFO:Compiling Metrics
2020-12-04 17:34:42,605:INFO:Initializing Fold 6
2020-12-04 17:34:42,605:INFO:Total runtime is 0.007848548889160156 minutes
2020-12-04 17:34:42,611:INFO:Fitting Model
2020-12-04 17:34:42,614:INFO:Evaluating Metrics
2020-12-04 17:34:42,615:INFO:No inverse transformer found
2020-12-04 17:34:42,615:INFO:Compiling Metrics
2020-12-04 17:34:42,621:INFO:Initializing Fold 7
2020-12-04 17:34:42,621:INFO:Total runtime is 0.008114747206370036 minutes
2020-12-04 17:34:42,628:INFO:Fitting Model
2020-12-04 17:34:42,630:INFO:Evaluating Metrics
2020-12-04 17:34:42,632:INFO:No inverse transformer found
2020-12-04 17:34:42,632:INFO:Compiling Metrics
2020-12-04 17:34:42,637:INFO:Initializing Fold 8
2020-12-04 17:34:42,638:INFO:Total runtime is 0.00838561455408732 minutes
2020-12-04 17:34:42,644:INFO:Fitting Model
2020-12-04 17:34:42,646:INFO:Evaluating Metrics
2020-12-04 17:34:42,647:INFO:No inverse transformer found
2020-12-04 17:34:42,648:INFO:Compiling Metrics
2020-12-04 17:34:42,652:INFO:Initializing Fold 9
2020-12-04 17:34:42,653:INFO:Total runtime is 0.008639379342397054 minutes
2020-12-04 17:34:42,659:INFO:Fitting Model
2020-12-04 17:34:42,662:INFO:Evaluating Metrics
2020-12-04 17:34:42,664:INFO:No inverse transformer found
2020-12-04 17:34:42,664:INFO:Compiling Metrics
2020-12-04 17:34:42,669:INFO:Initializing Fold 10
2020-12-04 17:34:42,669:INFO:Total runtime is 0.0089142640431722 minutes
2020-12-04 17:34:42,675:INFO:Fitting Model
2020-12-04 17:34:42,678:INFO:Evaluating Metrics
2020-12-04 17:34:42,680:INFO:No inverse transformer found
2020-12-04 17:34:42,680:INFO:Compiling Metrics
2020-12-04 17:34:42,685:INFO:Calculating mean and std
2020-12-04 17:34:42,685:INFO:Creating metrics dataframe
2020-12-04 17:34:42,696:INFO:Initializing Elastic Net
2020-12-04 17:34:42,701:INFO:Initializing Fold 1
2020-12-04 17:34:42,701:INFO:Total runtime is 0.009444514910380045 minutes
2020-12-04 17:34:42,707:INFO:Fitting Model
2020-12-04 17:34:42,711:INFO:Evaluating Metrics
2020-12-04 17:34:42,713:INFO:No inverse transformer found
2020-12-04 17:34:42,713:INFO:Compiling Metrics
2020-12-04 17:34:42,718:INFO:Initializing Fold 2
2020-12-04 17:34:42,719:INFO:Total runtime is 0.009743265310923259 minutes
2020-12-04 17:34:42,725:INFO:Fitting Model
2020-12-04 17:34:42,728:INFO:Evaluating Metrics
2020-12-04 17:34:42,730:INFO:No inverse transformer found
2020-12-04 17:34:42,730:INFO:Compiling Metrics
2020-12-04 17:34:42,735:INFO:Initializing Fold 3
2020-12-04 17:34:42,735:INFO:Total runtime is 0.010014498233795166 minutes
2020-12-04 17:34:42,742:INFO:Fitting Model
2020-12-04 17:34:42,745:INFO:Evaluating Metrics
2020-12-04 17:34:42,747:INFO:No inverse transformer found
2020-12-04 17:34:42,747:INFO:Compiling Metrics
2020-12-04 17:34:42,752:INFO:Initializing Fold 4
2020-12-04 17:34:42,753:INFO:Total runtime is 0.010306298732757568 minutes
2020-12-04 17:34:42,759:INFO:Fitting Model
2020-12-04 17:34:42,762:INFO:Evaluating Metrics
2020-12-04 17:34:42,764:INFO:No inverse transformer found
2020-12-04 17:34:42,764:INFO:Compiling Metrics
2020-12-04 17:34:42,769:INFO:Initializing Fold 5
2020-12-04 17:34:42,769:INFO:Total runtime is 0.010580650965372721 minutes
2020-12-04 17:34:42,776:INFO:Fitting Model
2020-12-04 17:34:42,779:INFO:Evaluating Metrics
2020-12-04 17:34:42,780:INFO:No inverse transformer found
2020-12-04 17:34:42,780:INFO:Compiling Metrics
2020-12-04 17:34:42,786:INFO:Initializing Fold 6
2020-12-04 17:34:42,787:INFO:Total runtime is 0.010873047510782878 minutes
2020-12-04 17:34:42,792:INFO:Fitting Model
2020-12-04 17:34:42,795:INFO:Evaluating Metrics
2020-12-04 17:34:42,797:INFO:No inverse transformer found
2020-12-04 17:34:42,797:INFO:Compiling Metrics
2020-12-04 17:34:42,803:INFO:Initializing Fold 7
2020-12-04 17:34:42,803:INFO:Total runtime is 0.01114801565806071 minutes
2020-12-04 17:34:42,810:INFO:Fitting Model
2020-12-04 17:34:42,812:INFO:Evaluating Metrics
2020-12-04 17:34:42,814:INFO:No inverse transformer found
2020-12-04 17:34:42,814:INFO:Compiling Metrics
2020-12-04 17:34:42,819:INFO:Initializing Fold 8
2020-12-04 17:34:42,820:INFO:Total runtime is 0.011415465672810874 minutes
2020-12-04 17:34:42,825:INFO:Fitting Model
2020-12-04 17:34:42,828:INFO:Evaluating Metrics
2020-12-04 17:34:42,830:INFO:No inverse transformer found
2020-12-04 17:34:42,830:INFO:Compiling Metrics
2020-12-04 17:34:42,835:INFO:Initializing Fold 9
2020-12-04 17:34:42,836:INFO:Total runtime is 0.01168412764867147 minutes
2020-12-04 17:34:42,841:INFO:Fitting Model
2020-12-04 17:34:42,845:INFO:Evaluating Metrics
2020-12-04 17:34:42,846:INFO:No inverse transformer found
2020-12-04 17:34:42,846:INFO:Compiling Metrics
2020-12-04 17:34:42,851:INFO:Initializing Fold 10
2020-12-04 17:34:42,851:INFO:Total runtime is 0.01194648345311483 minutes
2020-12-04 17:34:42,858:INFO:Fitting Model
2020-12-04 17:34:42,861:INFO:Evaluating Metrics
2020-12-04 17:34:42,863:INFO:No inverse transformer found
2020-12-04 17:34:42,863:INFO:Compiling Metrics
2020-12-04 17:34:42,869:INFO:Calculating mean and std
2020-12-04 17:34:42,869:INFO:Creating metrics dataframe
2020-12-04 17:34:42,879:INFO:Initializing Least Angle Regression
2020-12-04 17:34:42,884:INFO:Initializing Fold 1
2020-12-04 17:34:42,884:INFO:Total runtime is 0.012491583824157717 minutes
2020-12-04 17:34:42,889:INFO:Fitting Model
2020-12-04 17:34:42,899:INFO:Evaluating Metrics
2020-12-04 17:34:42,901:INFO:No inverse transformer found
2020-12-04 17:34:42,901:INFO:Compiling Metrics
2020-12-04 17:34:42,906:INFO:Initializing Fold 2
2020-12-04 17:34:42,907:INFO:Total runtime is 0.012866230805714926 minutes
2020-12-04 17:34:42,912:INFO:Fitting Model
2020-12-04 17:34:42,918:INFO:Evaluating Metrics
2020-12-04 17:34:42,920:INFO:No inverse transformer found
2020-12-04 17:34:42,920:INFO:Compiling Metrics
2020-12-04 17:34:42,927:INFO:Initializing Fold 3
2020-12-04 17:34:42,928:INFO:Total runtime is 0.01322403351465861 minutes
2020-12-04 17:34:42,933:INFO:Fitting Model
2020-12-04 17:34:42,940:INFO:Evaluating Metrics
2020-12-04 17:34:42,941:INFO:No inverse transformer found
2020-12-04 17:34:42,941:INFO:Compiling Metrics
2020-12-04 17:34:42,947:INFO:Initializing Fold 4
2020-12-04 17:34:42,948:INFO:Total runtime is 0.013557632764180502 minutes
2020-12-04 17:34:42,953:INFO:Fitting Model
2020-12-04 17:34:42,960:INFO:Evaluating Metrics
2020-12-04 17:34:42,961:INFO:No inverse transformer found
2020-12-04 17:34:42,961:INFO:Compiling Metrics
2020-12-04 17:34:42,967:INFO:Initializing Fold 5
2020-12-04 17:34:42,967:INFO:Total runtime is 0.013878647486368816 minutes
2020-12-04 17:34:42,974:INFO:Fitting Model
2020-12-04 17:34:42,981:INFO:Evaluating Metrics
2020-12-04 17:34:42,982:INFO:No inverse transformer found
2020-12-04 17:34:42,982:INFO:Compiling Metrics
2020-12-04 17:34:42,988:INFO:Initializing Fold 6
2020-12-04 17:34:42,989:INFO:Total runtime is 0.014236545562744141 minutes
2020-12-04 17:34:42,996:INFO:Fitting Model
2020-12-04 17:34:43,001:INFO:Evaluating Metrics
2020-12-04 17:34:43,003:INFO:No inverse transformer found
2020-12-04 17:34:43,003:INFO:Compiling Metrics
2020-12-04 17:34:43,009:INFO:Initializing Fold 7
2020-12-04 17:34:43,010:INFO:Total runtime is 0.014592262109120686 minutes
2020-12-04 17:34:43,015:INFO:Fitting Model
2020-12-04 17:34:43,022:INFO:Evaluating Metrics
2020-12-04 17:34:43,025:INFO:No inverse transformer found
2020-12-04 17:34:43,025:INFO:Compiling Metrics
2020-12-04 17:34:43,031:INFO:Initializing Fold 8
2020-12-04 17:34:43,031:INFO:Total runtime is 0.014943432807922362 minutes
2020-12-04 17:34:43,037:INFO:Fitting Model
2020-12-04 17:34:43,044:INFO:Evaluating Metrics
2020-12-04 17:34:43,046:INFO:No inverse transformer found
2020-12-04 17:34:43,046:INFO:Compiling Metrics
2020-12-04 17:34:43,051:INFO:Initializing Fold 9
2020-12-04 17:34:43,051:INFO:Total runtime is 0.015275065104166666 minutes
2020-12-04 17:34:43,058:INFO:Fitting Model
2020-12-04 17:34:43,064:INFO:Evaluating Metrics
2020-12-04 17:34:43,066:INFO:No inverse transformer found
2020-12-04 17:34:43,066:INFO:Compiling Metrics
2020-12-04 17:34:43,072:INFO:Initializing Fold 10
2020-12-04 17:34:43,073:INFO:Total runtime is 0.015636118253072102 minutes
2020-12-04 17:34:43,079:INFO:Fitting Model
2020-12-04 17:34:43,084:INFO:Evaluating Metrics
2020-12-04 17:34:43,086:INFO:No inverse transformer found
2020-12-04 17:34:43,086:INFO:Compiling Metrics
2020-12-04 17:34:43,092:INFO:Calculating mean and std
2020-12-04 17:34:43,093:INFO:Creating metrics dataframe
2020-12-04 17:34:43,103:INFO:Initializing Lasso Least Angle Regression
2020-12-04 17:34:43,109:INFO:Initializing Fold 1
2020-12-04 17:34:43,110:INFO:Total runtime is 0.016250447432200114 minutes
2020-12-04 17:34:43,115:INFO:Fitting Model
2020-12-04 17:34:43,118:INFO:Evaluating Metrics
2020-12-04 17:34:43,120:INFO:No inverse transformer found
2020-12-04 17:34:43,120:INFO:Compiling Metrics
2020-12-04 17:34:43,125:INFO:Initializing Fold 2
2020-12-04 17:34:43,126:INFO:Total runtime is 0.016527831554412842 minutes
2020-12-04 17:34:43,133:INFO:Fitting Model
2020-12-04 17:34:43,136:INFO:Evaluating Metrics
2020-12-04 17:34:43,137:INFO:No inverse transformer found
2020-12-04 17:34:43,137:INFO:Compiling Metrics
2020-12-04 17:34:43,144:INFO:Initializing Fold 3
2020-12-04 17:34:43,145:INFO:Total runtime is 0.016842814286549886 minutes
2020-12-04 17:34:43,151:INFO:Fitting Model
2020-12-04 17:34:43,154:INFO:Evaluating Metrics
2020-12-04 17:34:43,156:INFO:No inverse transformer found
2020-12-04 17:34:43,156:INFO:Compiling Metrics
2020-12-04 17:34:43,163:INFO:Initializing Fold 4
2020-12-04 17:34:43,163:INFO:Total runtime is 0.017146782080332438 minutes
2020-12-04 17:34:43,170:INFO:Fitting Model
2020-12-04 17:34:43,173:INFO:Evaluating Metrics
2020-12-04 17:34:43,176:INFO:No inverse transformer found
2020-12-04 17:34:43,176:INFO:Compiling Metrics
2020-12-04 17:34:43,181:INFO:Initializing Fold 5
2020-12-04 17:34:43,181:INFO:Total runtime is 0.017444984118143717 minutes
2020-12-04 17:34:43,187:INFO:Fitting Model
2020-12-04 17:34:43,190:INFO:Evaluating Metrics
2020-12-04 17:34:43,192:INFO:No inverse transformer found
2020-12-04 17:34:43,192:INFO:Compiling Metrics
2020-12-04 17:34:43,197:INFO:Initializing Fold 6
2020-12-04 17:34:43,198:INFO:Total runtime is 0.017719765504201252 minutes
2020-12-04 17:34:43,203:INFO:Fitting Model
2020-12-04 17:34:43,206:INFO:Evaluating Metrics
2020-12-04 17:34:43,208:INFO:No inverse transformer found
2020-12-04 17:34:43,208:INFO:Compiling Metrics
2020-12-04 17:34:43,213:INFO:Initializing Fold 7
2020-12-04 17:34:43,214:INFO:Total runtime is 0.017986929416656493 minutes
2020-12-04 17:34:43,219:INFO:Fitting Model
2020-12-04 17:34:43,223:INFO:Evaluating Metrics
2020-12-04 17:34:43,224:INFO:No inverse transformer found
2020-12-04 17:34:43,224:INFO:Compiling Metrics
2020-12-04 17:34:43,230:INFO:Initializing Fold 8
2020-12-04 17:34:43,230:INFO:Total runtime is 0.018259418010711667 minutes
2020-12-04 17:34:43,235:INFO:Fitting Model
2020-12-04 17:34:43,238:INFO:Evaluating Metrics
2020-12-04 17:34:43,240:INFO:No inverse transformer found
2020-12-04 17:34:43,240:INFO:Compiling Metrics
2020-12-04 17:34:43,246:INFO:Initializing Fold 9
2020-12-04 17:34:43,247:INFO:Total runtime is 0.018540116151173906 minutes
2020-12-04 17:34:43,254:INFO:Fitting Model
2020-12-04 17:34:43,263:INFO:Evaluating Metrics
2020-12-04 17:34:43,266:INFO:No inverse transformer found
2020-12-04 17:34:43,266:INFO:Compiling Metrics
2020-12-04 17:34:43,279:INFO:Initializing Fold 10
2020-12-04 17:34:43,280:INFO:Total runtime is 0.01909029881159464 minutes
2020-12-04 17:34:43,286:INFO:Fitting Model
2020-12-04 17:34:43,291:INFO:Evaluating Metrics
2020-12-04 17:34:43,300:INFO:No inverse transformer found
2020-12-04 17:34:43,300:INFO:Compiling Metrics
2020-12-04 17:34:43,325:INFO:Calculating mean and std
2020-12-04 17:34:43,326:INFO:Creating metrics dataframe
2020-12-04 17:34:43,343:INFO:Initializing Orthogonal Matching Pursuit
2020-12-04 17:34:43,351:INFO:Initializing Fold 1
2020-12-04 17:34:43,351:INFO:Total runtime is 0.020277714729309077 minutes
2020-12-04 17:34:43,359:INFO:Fitting Model
2020-12-04 17:34:43,365:INFO:Evaluating Metrics
2020-12-04 17:34:43,367:INFO:No inverse transformer found
2020-12-04 17:34:43,367:INFO:Compiling Metrics
2020-12-04 17:34:43,376:INFO:Initializing Fold 2
2020-12-04 17:34:43,377:INFO:Total runtime is 0.020705664157867426 minutes
2020-12-04 17:34:43,384:INFO:Fitting Model
2020-12-04 17:34:43,388:INFO:Evaluating Metrics
2020-12-04 17:34:43,390:INFO:No inverse transformer found
2020-12-04 17:34:43,390:INFO:Compiling Metrics
2020-12-04 17:34:43,396:INFO:Initializing Fold 3
2020-12-04 17:34:43,397:INFO:Total runtime is 0.021035830179850255 minutes
2020-12-04 17:34:43,402:INFO:Fitting Model
2020-12-04 17:34:43,405:INFO:Evaluating Metrics
2020-12-04 17:34:43,407:INFO:No inverse transformer found
2020-12-04 17:34:43,407:INFO:Compiling Metrics
2020-12-04 17:34:43,412:INFO:Initializing Fold 4
2020-12-04 17:34:43,413:INFO:Total runtime is 0.021310083071390783 minutes
2020-12-04 17:34:43,418:INFO:Fitting Model
2020-12-04 17:34:43,421:INFO:Evaluating Metrics
2020-12-04 17:34:43,422:INFO:No inverse transformer found
2020-12-04 17:34:43,423:INFO:Compiling Metrics
2020-12-04 17:34:43,428:INFO:Initializing Fold 5
2020-12-04 17:34:43,429:INFO:Total runtime is 0.02156651417414347 minutes
2020-12-04 17:34:43,434:INFO:Fitting Model
2020-12-04 17:34:43,437:INFO:Evaluating Metrics
2020-12-04 17:34:43,438:INFO:No inverse transformer found
2020-12-04 17:34:43,438:INFO:Compiling Metrics
2020-12-04 17:34:43,444:INFO:Initializing Fold 6
2020-12-04 17:34:43,444:INFO:Total runtime is 0.0218251625696818 minutes
2020-12-04 17:34:43,449:INFO:Fitting Model
2020-12-04 17:34:43,452:INFO:Evaluating Metrics
2020-12-04 17:34:43,453:INFO:No inverse transformer found
2020-12-04 17:34:43,454:INFO:Compiling Metrics
2020-12-04 17:34:43,460:INFO:Initializing Fold 7
2020-12-04 17:34:43,460:INFO:Total runtime is 0.022098378340403235 minutes
2020-12-04 17:34:43,465:INFO:Fitting Model
2020-12-04 17:34:43,468:INFO:Evaluating Metrics
2020-12-04 17:34:43,470:INFO:No inverse transformer found
2020-12-04 17:34:43,471:INFO:Compiling Metrics
2020-12-04 17:34:43,476:INFO:Initializing Fold 8
2020-12-04 17:34:43,477:INFO:Total runtime is 0.02236844698588053 minutes
2020-12-04 17:34:43,482:INFO:Fitting Model
2020-12-04 17:34:43,484:INFO:Evaluating Metrics
2020-12-04 17:34:43,486:INFO:No inverse transformer found
2020-12-04 17:34:43,486:INFO:Compiling Metrics
2020-12-04 17:34:43,492:INFO:Initializing Fold 9
2020-12-04 17:34:43,493:INFO:Total runtime is 0.02264111439387003 minutes
2020-12-04 17:34:43,498:INFO:Fitting Model
2020-12-04 17:34:43,501:INFO:Evaluating Metrics
2020-12-04 17:34:43,502:INFO:No inverse transformer found
2020-12-04 17:34:43,502:INFO:Compiling Metrics
2020-12-04 17:34:43,509:INFO:Initializing Fold 10
2020-12-04 17:34:43,509:INFO:Total runtime is 0.022913881142934158 minutes
2020-12-04 17:34:43,515:INFO:Fitting Model
2020-12-04 17:34:43,518:INFO:Evaluating Metrics
2020-12-04 17:34:43,519:INFO:No inverse transformer found
2020-12-04 17:34:43,520:INFO:Compiling Metrics
2020-12-04 17:34:43,526:INFO:Calculating mean and std
2020-12-04 17:34:43,526:INFO:Creating metrics dataframe
2020-12-04 17:34:43,537:INFO:Initializing Bayesian Ridge
2020-12-04 17:34:43,543:INFO:Initializing Fold 1
2020-12-04 17:34:43,544:INFO:Total runtime is 0.023487484455108638 minutes
2020-12-04 17:34:43,549:INFO:Fitting Model
2020-12-04 17:34:43,554:INFO:Evaluating Metrics
2020-12-04 17:34:43,556:INFO:No inverse transformer found
2020-12-04 17:34:43,556:INFO:Compiling Metrics
2020-12-04 17:34:43,563:INFO:Initializing Fold 2
2020-12-04 17:34:43,563:INFO:Total runtime is 0.023814547061920162 minutes
2020-12-04 17:34:43,569:INFO:Fitting Model
2020-12-04 17:34:43,573:INFO:Evaluating Metrics
2020-12-04 17:34:43,575:INFO:No inverse transformer found
2020-12-04 17:34:43,575:INFO:Compiling Metrics
2020-12-04 17:34:43,580:INFO:Initializing Fold 3
2020-12-04 17:34:43,581:INFO:Total runtime is 0.024107114473978675 minutes
2020-12-04 17:34:43,586:INFO:Fitting Model
2020-12-04 17:34:43,590:INFO:Evaluating Metrics
2020-12-04 17:34:43,592:INFO:No inverse transformer found
2020-12-04 17:34:43,592:INFO:Compiling Metrics
2020-12-04 17:34:43,597:INFO:Initializing Fold 4
2020-12-04 17:34:43,598:INFO:Total runtime is 0.024390447139739986 minutes
2020-12-04 17:34:43,603:INFO:Fitting Model
2020-12-04 17:34:43,607:INFO:Evaluating Metrics
2020-12-04 17:34:43,608:INFO:No inverse transformer found
2020-12-04 17:34:43,608:INFO:Compiling Metrics
2020-12-04 17:34:43,614:INFO:Initializing Fold 5
2020-12-04 17:34:43,615:INFO:Total runtime is 0.024667112032572425 minutes
2020-12-04 17:34:43,620:INFO:Fitting Model
2020-12-04 17:34:43,623:INFO:Evaluating Metrics
2020-12-04 17:34:43,626:INFO:No inverse transformer found
2020-12-04 17:34:43,626:INFO:Compiling Metrics
2020-12-04 17:34:43,631:INFO:Initializing Fold 6
2020-12-04 17:34:43,632:INFO:Total runtime is 0.02495474815368652 minutes
2020-12-04 17:34:43,638:INFO:Fitting Model
2020-12-04 17:34:43,642:INFO:Evaluating Metrics
2020-12-04 17:34:43,644:INFO:No inverse transformer found
2020-12-04 17:34:43,644:INFO:Compiling Metrics
2020-12-04 17:34:43,649:INFO:Initializing Fold 7
2020-12-04 17:34:43,650:INFO:Total runtime is 0.025252012411753334 minutes
2020-12-04 17:34:43,655:INFO:Fitting Model
2020-12-04 17:34:43,659:INFO:Evaluating Metrics
2020-12-04 17:34:43,661:INFO:No inverse transformer found
2020-12-04 17:34:43,661:INFO:Compiling Metrics
2020-12-04 17:34:43,666:INFO:Initializing Fold 8
2020-12-04 17:34:43,667:INFO:Total runtime is 0.025532380739847815 minutes
2020-12-04 17:34:43,672:INFO:Fitting Model
2020-12-04 17:34:43,676:INFO:Evaluating Metrics
2020-12-04 17:34:43,677:INFO:No inverse transformer found
2020-12-04 17:34:43,677:INFO:Compiling Metrics
2020-12-04 17:34:43,683:INFO:Initializing Fold 9
2020-12-04 17:34:43,683:INFO:Total runtime is 0.02581044832865397 minutes
2020-12-04 17:34:43,689:INFO:Fitting Model
2020-12-04 17:34:43,693:INFO:Evaluating Metrics
2020-12-04 17:34:43,694:INFO:No inverse transformer found
2020-12-04 17:34:43,694:INFO:Compiling Metrics
2020-12-04 17:34:43,699:INFO:Initializing Fold 10
2020-12-04 17:34:43,700:INFO:Total runtime is 0.026087713241577146 minutes
2020-12-04 17:34:43,706:INFO:Fitting Model
2020-12-04 17:34:43,709:INFO:Evaluating Metrics
2020-12-04 17:34:43,710:INFO:No inverse transformer found
2020-12-04 17:34:43,711:INFO:Compiling Metrics
2020-12-04 17:34:43,716:INFO:Calculating mean and std
2020-12-04 17:34:43,716:INFO:Creating metrics dataframe
2020-12-04 17:34:43,727:INFO:Initializing Passive Aggressive Regressor
2020-12-04 17:34:43,732:INFO:Initializing Fold 1
2020-12-04 17:34:43,733:INFO:Total runtime is 0.026632348696390785 minutes
2020-12-04 17:34:43,738:INFO:Fitting Model
2020-12-04 17:34:43,741:INFO:Evaluating Metrics
2020-12-04 17:34:43,743:INFO:No inverse transformer found
2020-12-04 17:34:43,743:INFO:Compiling Metrics
2020-12-04 17:34:43,749:INFO:Initializing Fold 2
2020-12-04 17:34:43,750:INFO:Total runtime is 0.02691694895426432 minutes
2020-12-04 17:34:43,755:INFO:Fitting Model
2020-12-04 17:34:43,758:INFO:Evaluating Metrics
2020-12-04 17:34:43,759:INFO:No inverse transformer found
2020-12-04 17:34:43,759:INFO:Compiling Metrics
2020-12-04 17:34:43,764:INFO:Initializing Fold 3
2020-12-04 17:34:43,765:INFO:Total runtime is 0.027166732152303058 minutes
2020-12-04 17:34:43,770:INFO:Fitting Model
2020-12-04 17:34:43,773:INFO:Evaluating Metrics
2020-12-04 17:34:43,775:INFO:No inverse transformer found
2020-12-04 17:34:43,775:INFO:Compiling Metrics
2020-12-04 17:34:43,781:INFO:Initializing Fold 4
2020-12-04 17:34:43,781:INFO:Total runtime is 0.027443516254425048 minutes
2020-12-04 17:34:43,787:INFO:Fitting Model
2020-12-04 17:34:43,791:INFO:Evaluating Metrics
2020-12-04 17:34:43,792:INFO:No inverse transformer found
2020-12-04 17:34:43,792:INFO:Compiling Metrics
2020-12-04 17:34:43,797:INFO:Initializing Fold 5
2020-12-04 17:34:43,797:INFO:Total runtime is 0.02771472930908203 minutes
2020-12-04 17:34:43,803:INFO:Fitting Model
2020-12-04 17:34:43,807:INFO:Evaluating Metrics
2020-12-04 17:34:43,809:INFO:No inverse transformer found
2020-12-04 17:34:43,809:INFO:Compiling Metrics
2020-12-04 17:34:43,814:INFO:Initializing Fold 6
2020-12-04 17:34:43,815:INFO:Total runtime is 0.028000664710998536 minutes
2020-12-04 17:34:43,820:INFO:Fitting Model
2020-12-04 17:34:43,823:INFO:Evaluating Metrics
2020-12-04 17:34:43,825:INFO:No inverse transformer found
2020-12-04 17:34:43,825:INFO:Compiling Metrics
2020-12-04 17:34:43,831:INFO:Initializing Fold 7
2020-12-04 17:34:43,832:INFO:Total runtime is 0.028292600313822427 minutes
2020-12-04 17:34:43,838:INFO:Fitting Model
2020-12-04 17:34:43,841:INFO:Evaluating Metrics
2020-12-04 17:34:43,843:INFO:No inverse transformer found
2020-12-04 17:34:43,843:INFO:Compiling Metrics
2020-12-04 17:34:43,848:INFO:Initializing Fold 8
2020-12-04 17:34:43,849:INFO:Total runtime is 0.028572396437327067 minutes
2020-12-04 17:34:43,855:INFO:Fitting Model
2020-12-04 17:34:43,858:INFO:Evaluating Metrics
2020-12-04 17:34:43,860:INFO:No inverse transformer found
2020-12-04 17:34:43,860:INFO:Compiling Metrics
2020-12-04 17:34:43,865:INFO:Initializing Fold 9
2020-12-04 17:34:43,866:INFO:Total runtime is 0.028857481479644776 minutes
2020-12-04 17:34:43,872:INFO:Fitting Model
2020-12-04 17:34:43,874:INFO:Evaluating Metrics
2020-12-04 17:34:43,876:INFO:No inverse transformer found
2020-12-04 17:34:43,876:INFO:Compiling Metrics
2020-12-04 17:34:43,882:INFO:Initializing Fold 10
2020-12-04 17:34:43,882:INFO:Total runtime is 0.029128630956014 minutes
2020-12-04 17:34:43,888:INFO:Fitting Model
2020-12-04 17:34:43,890:INFO:Evaluating Metrics
2020-12-04 17:34:43,892:INFO:No inverse transformer found
2020-12-04 17:34:43,892:INFO:Compiling Metrics
2020-12-04 17:34:43,898:INFO:Calculating mean and std
2020-12-04 17:34:43,898:INFO:Creating metrics dataframe
2020-12-04 17:34:43,909:INFO:Initializing Random Sample Consensus
2020-12-04 17:34:43,914:INFO:Initializing Fold 1
2020-12-04 17:34:43,914:INFO:Total runtime is 0.029662978649139405 minutes
2020-12-04 17:34:43,920:INFO:Fitting Model
2020-12-04 17:34:43,978:INFO:Evaluating Metrics
2020-12-04 17:34:43,980:INFO:No inverse transformer found
2020-12-04 17:34:43,980:INFO:Compiling Metrics
2020-12-04 17:34:43,985:INFO:Initializing Fold 2
2020-12-04 17:34:43,986:INFO:Total runtime is 0.03085249662399292 minutes
2020-12-04 17:34:43,991:INFO:Fitting Model
2020-12-04 17:34:44,047:INFO:Evaluating Metrics
2020-12-04 17:34:44,048:INFO:No inverse transformer found
2020-12-04 17:34:44,049:INFO:Compiling Metrics
2020-12-04 17:34:44,054:INFO:Initializing Fold 3
2020-12-04 17:34:44,054:INFO:Total runtime is 0.03199779589970907 minutes
2020-12-04 17:34:44,059:INFO:Fitting Model
2020-12-04 17:34:44,115:INFO:Evaluating Metrics
2020-12-04 17:34:44,117:INFO:No inverse transformer found
2020-12-04 17:34:44,117:INFO:Compiling Metrics
2020-12-04 17:34:44,122:INFO:Initializing Fold 4
2020-12-04 17:34:44,123:INFO:Total runtime is 0.0331354816754659 minutes
2020-12-04 17:34:44,128:INFO:Fitting Model
2020-12-04 17:34:44,181:INFO:Evaluating Metrics
2020-12-04 17:34:44,183:INFO:No inverse transformer found
2020-12-04 17:34:44,183:INFO:Compiling Metrics
2020-12-04 17:34:44,189:INFO:Initializing Fold 5
2020-12-04 17:34:44,190:INFO:Total runtime is 0.03425013224283854 minutes
2020-12-04 17:34:44,194:INFO:Fitting Model
2020-12-04 17:34:44,244:INFO:Evaluating Metrics
2020-12-04 17:34:44,245:INFO:No inverse transformer found
2020-12-04 17:34:44,245:INFO:Compiling Metrics
2020-12-04 17:34:44,250:INFO:Initializing Fold 6
2020-12-04 17:34:44,250:INFO:Total runtime is 0.035262978076934806 minutes
2020-12-04 17:34:44,254:INFO:Fitting Model
2020-12-04 17:34:44,307:INFO:Evaluating Metrics
2020-12-04 17:34:44,308:INFO:No inverse transformer found
2020-12-04 17:34:44,308:INFO:Compiling Metrics
2020-12-04 17:34:44,313:INFO:Initializing Fold 7
2020-12-04 17:34:44,314:INFO:Total runtime is 0.03632471561431884 minutes
2020-12-04 17:34:44,318:INFO:Fitting Model
2020-12-04 17:34:44,371:INFO:Evaluating Metrics
2020-12-04 17:34:44,372:INFO:No inverse transformer found
2020-12-04 17:34:44,372:INFO:Compiling Metrics
2020-12-04 17:34:44,376:INFO:Initializing Fold 8
2020-12-04 17:34:44,377:INFO:Total runtime is 0.03737831513086954 minutes
2020-12-04 17:34:44,382:INFO:Fitting Model
2020-12-04 17:34:44,438:INFO:Evaluating Metrics
2020-12-04 17:34:44,439:INFO:No inverse transformer found
2020-12-04 17:34:44,439:INFO:Compiling Metrics
2020-12-04 17:34:44,444:INFO:Initializing Fold 9
2020-12-04 17:34:44,445:INFO:Total runtime is 0.0385047952334086 minutes
2020-12-04 17:34:44,449:INFO:Fitting Model
2020-12-04 17:34:44,500:INFO:Evaluating Metrics
2020-12-04 17:34:44,502:INFO:No inverse transformer found
2020-12-04 17:34:44,502:INFO:Compiling Metrics
2020-12-04 17:34:44,506:INFO:Initializing Fold 10
2020-12-04 17:34:44,507:INFO:Total runtime is 0.03954333066940306 minutes
2020-12-04 17:34:44,512:INFO:Fitting Model
2020-12-04 17:34:44,563:INFO:Evaluating Metrics
2020-12-04 17:34:44,565:INFO:No inverse transformer found
2020-12-04 17:34:44,565:INFO:Compiling Metrics
2020-12-04 17:34:44,569:INFO:Calculating mean and std
2020-12-04 17:34:44,570:INFO:Creating metrics dataframe
2020-12-04 17:34:44,580:INFO:Initializing TheilSen Regressor
2020-12-04 17:34:44,584:INFO:Initializing Fold 1
2020-12-04 17:34:44,585:INFO:Total runtime is 0.040839330355326324 minutes
2020-12-04 17:34:44,590:INFO:Fitting Model
2020-12-04 17:34:46,505:INFO:Evaluating Metrics
2020-12-04 17:34:46,508:INFO:No inverse transformer found
2020-12-04 17:34:46,508:INFO:Compiling Metrics
2020-12-04 17:34:46,514:INFO:Initializing Fold 2
2020-12-04 17:34:46,515:INFO:Total runtime is 0.07299926678339638 minutes
2020-12-04 17:34:46,518:INFO:Fitting Model
2020-12-04 17:34:46,844:INFO:Evaluating Metrics
2020-12-04 17:34:46,846:INFO:No inverse transformer found
2020-12-04 17:34:46,846:INFO:Compiling Metrics
2020-12-04 17:34:46,850:INFO:Initializing Fold 3
2020-12-04 17:34:46,851:INFO:Total runtime is 0.07859936157862343 minutes
2020-12-04 17:34:46,854:INFO:Fitting Model
2020-12-04 17:34:47,177:INFO:Evaluating Metrics
2020-12-04 17:34:47,178:INFO:No inverse transformer found
2020-12-04 17:34:47,178:INFO:Compiling Metrics
2020-12-04 17:34:47,183:INFO:Initializing Fold 4
2020-12-04 17:34:47,183:INFO:Total runtime is 0.08414271275202431 minutes
2020-12-04 17:34:47,187:INFO:Fitting Model
2020-12-04 17:34:47,499:INFO:Evaluating Metrics
2020-12-04 17:34:47,500:INFO:No inverse transformer found
2020-12-04 17:34:47,500:INFO:Compiling Metrics
2020-12-04 17:34:47,505:INFO:Initializing Fold 5
2020-12-04 17:34:47,505:INFO:Total runtime is 0.08950751622517901 minutes
2020-12-04 17:34:47,508:INFO:Fitting Model
2020-12-04 17:34:47,832:INFO:Evaluating Metrics
2020-12-04 17:34:47,833:INFO:No inverse transformer found
2020-12-04 17:34:47,833:INFO:Compiling Metrics
2020-12-04 17:34:47,837:INFO:Initializing Fold 6
2020-12-04 17:34:47,838:INFO:Total runtime is 0.0950542330741882 minutes
2020-12-04 17:34:47,841:INFO:Fitting Model
2020-12-04 17:34:48,172:INFO:Evaluating Metrics
2020-12-04 17:34:48,173:INFO:No inverse transformer found
2020-12-04 17:34:48,173:INFO:Compiling Metrics
2020-12-04 17:34:48,178:INFO:Initializing Fold 7
2020-12-04 17:34:48,178:INFO:Total runtime is 0.10072418053944902 minutes
2020-12-04 17:34:48,182:INFO:Fitting Model
2020-12-04 17:34:48,521:INFO:Evaluating Metrics
2020-12-04 17:34:48,522:INFO:No inverse transformer found
2020-12-04 17:34:48,522:INFO:Compiling Metrics
2020-12-04 17:34:48,526:INFO:Initializing Fold 8
2020-12-04 17:34:48,527:INFO:Total runtime is 0.10653303066889441 minutes
2020-12-04 17:34:48,530:INFO:Fitting Model
2020-12-04 17:34:48,861:INFO:Evaluating Metrics
2020-12-04 17:34:48,863:INFO:No inverse transformer found
2020-12-04 17:34:48,863:INFO:Compiling Metrics
2020-12-04 17:34:48,867:INFO:Initializing Fold 9
2020-12-04 17:34:48,868:INFO:Total runtime is 0.11221673091252642 minutes
2020-12-04 17:34:48,871:INFO:Fitting Model
2020-12-04 17:34:49,194:INFO:Evaluating Metrics
2020-12-04 17:34:49,195:INFO:No inverse transformer found
2020-12-04 17:34:49,195:INFO:Compiling Metrics
2020-12-04 17:34:49,200:INFO:Initializing Fold 10
2020-12-04 17:34:49,200:INFO:Total runtime is 0.11775751511255897 minutes
2020-12-04 17:34:49,203:INFO:Fitting Model
2020-12-04 17:34:49,515:INFO:Evaluating Metrics
2020-12-04 17:34:49,516:INFO:No inverse transformer found
2020-12-04 17:34:49,516:INFO:Compiling Metrics
2020-12-04 17:34:49,520:INFO:Calculating mean and std
2020-12-04 17:34:49,521:INFO:Creating metrics dataframe
2020-12-04 17:34:49,530:INFO:Initializing Huber Regressor
2020-12-04 17:34:49,536:INFO:Initializing Fold 1
2020-12-04 17:34:49,537:INFO:Total runtime is 0.12337041298548378 minutes
2020-12-04 17:34:49,542:INFO:Fitting Model
2020-12-04 17:34:49,572:INFO:Evaluating Metrics
2020-12-04 17:34:49,574:INFO:No inverse transformer found
2020-12-04 17:34:49,574:INFO:Compiling Metrics
2020-12-04 17:34:49,579:INFO:Initializing Fold 2
2020-12-04 17:34:49,580:INFO:Total runtime is 0.12408811251322426 minutes
2020-12-04 17:34:49,585:INFO:Fitting Model
2020-12-04 17:34:49,612:INFO:Evaluating Metrics
2020-12-04 17:34:49,614:INFO:No inverse transformer found
2020-12-04 17:34:49,614:INFO:Compiling Metrics
2020-12-04 17:34:49,618:INFO:Initializing Fold 3
2020-12-04 17:34:49,619:INFO:Total runtime is 0.1247442285219828 minutes
2020-12-04 17:34:49,624:INFO:Fitting Model
2020-12-04 17:34:49,648:INFO:Evaluating Metrics
2020-12-04 17:34:49,649:INFO:No inverse transformer found
2020-12-04 17:34:49,649:INFO:Compiling Metrics
2020-12-04 17:34:49,654:INFO:Initializing Fold 4
2020-12-04 17:34:49,655:INFO:Total runtime is 0.12533739805221555 minutes
2020-12-04 17:34:49,660:INFO:Fitting Model
2020-12-04 17:34:49,685:INFO:Evaluating Metrics
2020-12-04 17:34:49,687:INFO:No inverse transformer found
2020-12-04 17:34:49,687:INFO:Compiling Metrics
2020-12-04 17:34:49,692:INFO:Initializing Fold 5
2020-12-04 17:34:49,692:INFO:Total runtime is 0.12596399784088133 minutes
2020-12-04 17:34:49,697:INFO:Fitting Model
2020-12-04 17:34:49,721:INFO:Evaluating Metrics
2020-12-04 17:34:49,723:INFO:No inverse transformer found
2020-12-04 17:34:49,723:INFO:Compiling Metrics
2020-12-04 17:34:49,727:INFO:Initializing Fold 6
2020-12-04 17:34:49,728:INFO:Total runtime is 0.12655193010965982 minutes
2020-12-04 17:34:49,732:INFO:Fitting Model
2020-12-04 17:34:49,756:INFO:Evaluating Metrics
2020-12-04 17:34:49,758:INFO:No inverse transformer found
2020-12-04 17:34:49,758:INFO:Compiling Metrics
2020-12-04 17:34:49,762:INFO:Initializing Fold 7
2020-12-04 17:34:49,763:INFO:Total runtime is 0.12713819742202756 minutes
2020-12-04 17:34:49,768:INFO:Fitting Model
2020-12-04 17:34:49,794:INFO:Evaluating Metrics
2020-12-04 17:34:49,795:INFO:No inverse transformer found
2020-12-04 17:34:49,796:INFO:Compiling Metrics
2020-12-04 17:34:49,800:INFO:Initializing Fold 8
2020-12-04 17:34:49,800:INFO:Total runtime is 0.1277621785799662 minutes
2020-12-04 17:34:49,806:INFO:Fitting Model
2020-12-04 17:34:49,831:INFO:Evaluating Metrics
2020-12-04 17:34:49,832:INFO:No inverse transformer found
2020-12-04 17:34:49,832:INFO:Compiling Metrics
2020-12-04 17:34:49,837:INFO:Initializing Fold 9
2020-12-04 17:34:49,837:INFO:Total runtime is 0.12837862968444821 minutes
2020-12-04 17:34:49,842:INFO:Fitting Model
2020-12-04 17:34:49,867:INFO:Evaluating Metrics
2020-12-04 17:34:49,869:INFO:No inverse transformer found
2020-12-04 17:34:49,869:INFO:Compiling Metrics
2020-12-04 17:34:49,874:INFO:Initializing Fold 10
2020-12-04 17:34:49,875:INFO:Total runtime is 0.12900041341781612 minutes
2020-12-04 17:34:49,880:INFO:Fitting Model
2020-12-04 17:34:49,905:INFO:Evaluating Metrics
2020-12-04 17:34:49,906:INFO:No inverse transformer found
2020-12-04 17:34:49,906:INFO:Compiling Metrics
2020-12-04 17:34:49,911:INFO:Calculating mean and std
2020-12-04 17:34:49,912:INFO:Creating metrics dataframe
2020-12-04 17:34:49,923:INFO:Initializing Support Vector Machine
2020-12-04 17:34:49,928:INFO:Initializing Fold 1
2020-12-04 17:34:49,928:INFO:Total runtime is 0.12989406585693355 minutes
2020-12-04 17:34:49,933:INFO:Fitting Model
2020-12-04 17:34:49,940:INFO:Evaluating Metrics
2020-12-04 17:34:49,942:INFO:No inverse transformer found
2020-12-04 17:34:49,943:INFO:Compiling Metrics
2020-12-04 17:34:49,950:INFO:Initializing Fold 2
2020-12-04 17:34:49,950:INFO:Total runtime is 0.13026309808095293 minutes
2020-12-04 17:34:49,955:INFO:Fitting Model
2020-12-04 17:34:49,962:INFO:Evaluating Metrics
2020-12-04 17:34:49,964:INFO:No inverse transformer found
2020-12-04 17:34:49,964:INFO:Compiling Metrics
2020-12-04 17:34:49,968:INFO:Initializing Fold 3
2020-12-04 17:34:49,969:INFO:Total runtime is 0.13057626485824583 minutes
2020-12-04 17:34:49,975:INFO:Fitting Model
2020-12-04 17:34:49,982:INFO:Evaluating Metrics
2020-12-04 17:34:49,983:INFO:No inverse transformer found
2020-12-04 17:34:49,983:INFO:Compiling Metrics
2020-12-04 17:34:49,988:INFO:Initializing Fold 4
2020-12-04 17:34:49,989:INFO:Total runtime is 0.13090349833170573 minutes
2020-12-04 17:34:49,994:INFO:Fitting Model
2020-12-04 17:34:50,000:INFO:Evaluating Metrics
2020-12-04 17:34:50,002:INFO:No inverse transformer found
2020-12-04 17:34:50,002:INFO:Compiling Metrics
2020-12-04 17:34:50,008:INFO:Initializing Fold 5
2020-12-04 17:34:50,008:INFO:Total runtime is 0.13123026688893635 minutes
2020-12-04 17:34:50,012:INFO:Fitting Model
2020-12-04 17:34:50,019:INFO:Evaluating Metrics
2020-12-04 17:34:50,021:INFO:No inverse transformer found
2020-12-04 17:34:50,021:INFO:Compiling Metrics
2020-12-04 17:34:50,027:INFO:Initializing Fold 6
2020-12-04 17:34:50,027:INFO:Total runtime is 0.13154782851537067 minutes
2020-12-04 17:34:50,032:INFO:Fitting Model
2020-12-04 17:34:50,038:INFO:Evaluating Metrics
2020-12-04 17:34:50,041:INFO:No inverse transformer found
2020-12-04 17:34:50,041:INFO:Compiling Metrics
2020-12-04 17:34:50,045:INFO:Initializing Fold 7
2020-12-04 17:34:50,046:INFO:Total runtime is 0.131859815120697 minutes
2020-12-04 17:34:50,051:INFO:Fitting Model
2020-12-04 17:34:50,058:INFO:Evaluating Metrics
2020-12-04 17:34:50,059:INFO:No inverse transformer found
2020-12-04 17:34:50,059:INFO:Compiling Metrics
2020-12-04 17:34:50,064:INFO:Initializing Fold 8
2020-12-04 17:34:50,064:INFO:Total runtime is 0.13216018279393513 minutes
2020-12-04 17:34:50,068:INFO:Fitting Model
2020-12-04 17:34:50,075:INFO:Evaluating Metrics
2020-12-04 17:34:50,077:INFO:No inverse transformer found
2020-12-04 17:34:50,077:INFO:Compiling Metrics
2020-12-04 17:34:50,082:INFO:Initializing Fold 9
2020-12-04 17:34:50,082:INFO:Total runtime is 0.13246381680170694 minutes
2020-12-04 17:34:50,087:INFO:Fitting Model
2020-12-04 17:34:50,094:INFO:Evaluating Metrics
2020-12-04 17:34:50,096:INFO:No inverse transformer found
2020-12-04 17:34:50,096:INFO:Compiling Metrics
2020-12-04 17:34:50,100:INFO:Initializing Fold 10
2020-12-04 17:34:50,101:INFO:Total runtime is 0.13277313311894734 minutes
2020-12-04 17:34:50,107:INFO:Fitting Model
2020-12-04 17:34:50,112:INFO:Evaluating Metrics
2020-12-04 17:34:50,114:INFO:No inverse transformer found
2020-12-04 17:34:50,114:INFO:Compiling Metrics
2020-12-04 17:34:50,118:INFO:Calculating mean and std
2020-12-04 17:34:50,119:INFO:Creating metrics dataframe
2020-12-04 17:34:50,129:INFO:Initializing K Neighbors Regressor
2020-12-04 17:34:50,133:INFO:Initializing Fold 1
2020-12-04 17:34:50,134:INFO:Total runtime is 0.13331966797510783 minutes
2020-12-04 17:34:50,138:INFO:Fitting Model
2020-12-04 17:34:50,140:INFO:Evaluating Metrics
2020-12-04 17:34:50,150:INFO:No inverse transformer found
2020-12-04 17:34:50,151:INFO:Compiling Metrics
2020-12-04 17:34:50,155:INFO:Initializing Fold 2
2020-12-04 17:34:50,156:INFO:Total runtime is 0.13368866443634034 minutes
2020-12-04 17:34:50,160:INFO:Fitting Model
2020-12-04 17:34:50,162:INFO:Evaluating Metrics
2020-12-04 17:34:50,166:INFO:No inverse transformer found
2020-12-04 17:34:50,166:INFO:Compiling Metrics
2020-12-04 17:34:50,171:INFO:Initializing Fold 3
2020-12-04 17:34:50,172:INFO:Total runtime is 0.13395771582921345 minutes
2020-12-04 17:34:50,177:INFO:Fitting Model
2020-12-04 17:34:50,179:INFO:Evaluating Metrics
2020-12-04 17:34:50,183:INFO:No inverse transformer found
2020-12-04 17:34:50,183:INFO:Compiling Metrics
2020-12-04 17:34:50,188:INFO:Initializing Fold 4
2020-12-04 17:34:50,189:INFO:Total runtime is 0.13423666159311928 minutes
2020-12-04 17:34:50,193:INFO:Fitting Model
2020-12-04 17:34:50,195:INFO:Evaluating Metrics
2020-12-04 17:34:50,199:INFO:No inverse transformer found
2020-12-04 17:34:50,199:INFO:Compiling Metrics
2020-12-04 17:34:50,204:INFO:Initializing Fold 5
2020-12-04 17:34:50,205:INFO:Total runtime is 0.13450563351313272 minutes
2020-12-04 17:34:50,210:INFO:Fitting Model
2020-12-04 17:34:50,211:INFO:Evaluating Metrics
2020-12-04 17:34:50,215:INFO:No inverse transformer found
2020-12-04 17:34:50,216:INFO:Compiling Metrics
2020-12-04 17:34:50,220:INFO:Initializing Fold 6
2020-12-04 17:34:50,221:INFO:Total runtime is 0.1347710609436035 minutes
2020-12-04 17:34:50,226:INFO:Fitting Model
2020-12-04 17:34:50,227:INFO:Evaluating Metrics
2020-12-04 17:34:50,232:INFO:No inverse transformer found
2020-12-04 17:34:50,232:INFO:Compiling Metrics
2020-12-04 17:34:50,236:INFO:Initializing Fold 7
2020-12-04 17:34:50,237:INFO:Total runtime is 0.13504066467285156 minutes
2020-12-04 17:34:50,242:INFO:Fitting Model
2020-12-04 17:34:50,244:INFO:Evaluating Metrics
2020-12-04 17:34:50,249:INFO:No inverse transformer found
2020-12-04 17:34:50,249:INFO:Compiling Metrics
2020-12-04 17:34:50,255:INFO:Initializing Fold 8
2020-12-04 17:34:50,256:INFO:Total runtime is 0.13535304864247638 minutes
2020-12-04 17:34:50,261:INFO:Fitting Model
2020-12-04 17:34:50,263:INFO:Evaluating Metrics
2020-12-04 17:34:50,270:INFO:No inverse transformer found
2020-12-04 17:34:50,270:INFO:Compiling Metrics
2020-12-04 17:34:50,275:INFO:Initializing Fold 9
2020-12-04 17:34:50,276:INFO:Total runtime is 0.13568901618321735 minutes
2020-12-04 17:34:50,280:INFO:Fitting Model
2020-12-04 17:34:50,281:INFO:Evaluating Metrics
2020-12-04 17:34:50,286:INFO:No inverse transformer found
2020-12-04 17:34:50,286:INFO:Compiling Metrics
2020-12-04 17:34:50,291:INFO:Initializing Fold 10
2020-12-04 17:34:50,292:INFO:Total runtime is 0.1359560489654541 minutes
2020-12-04 17:34:50,296:INFO:Fitting Model
2020-12-04 17:34:50,298:INFO:Evaluating Metrics
2020-12-04 17:34:50,302:INFO:No inverse transformer found
2020-12-04 17:34:50,302:INFO:Compiling Metrics
2020-12-04 17:34:50,307:INFO:Calculating mean and std
2020-12-04 17:34:50,308:INFO:Creating metrics dataframe
2020-12-04 17:34:50,318:INFO:Initializing Decision Tree
2020-12-04 17:34:50,323:INFO:Initializing Fold 1
2020-12-04 17:34:50,324:INFO:Total runtime is 0.13648221492767335 minutes
2020-12-04 17:34:50,328:INFO:Fitting Model
2020-12-04 17:34:50,332:INFO:Evaluating Metrics
2020-12-04 17:34:50,333:INFO:No inverse transformer found
2020-12-04 17:34:50,333:INFO:Compiling Metrics
2020-12-04 17:34:50,338:INFO:Initializing Fold 2
2020-12-04 17:34:50,339:INFO:Total runtime is 0.13673299948374432 minutes
2020-12-04 17:34:50,342:INFO:Fitting Model
2020-12-04 17:34:50,347:INFO:Evaluating Metrics
2020-12-04 17:34:50,349:INFO:No inverse transformer found
2020-12-04 17:34:50,349:INFO:Compiling Metrics
2020-12-04 17:34:50,353:INFO:Initializing Fold 3
2020-12-04 17:34:50,354:INFO:Total runtime is 0.13698763052622479 minutes
2020-12-04 17:34:50,359:INFO:Fitting Model
2020-12-04 17:34:50,362:INFO:Evaluating Metrics
2020-12-04 17:34:50,363:INFO:No inverse transformer found
2020-12-04 17:34:50,363:INFO:Compiling Metrics
2020-12-04 17:34:50,368:INFO:Initializing Fold 4
2020-12-04 17:34:50,368:INFO:Total runtime is 0.13722623189290367 minutes
2020-12-04 17:34:50,373:INFO:Fitting Model
2020-12-04 17:34:50,377:INFO:Evaluating Metrics
2020-12-04 17:34:50,378:INFO:No inverse transformer found
2020-12-04 17:34:50,378:INFO:Compiling Metrics
2020-12-04 17:34:50,382:INFO:Initializing Fold 5
2020-12-04 17:34:50,383:INFO:Total runtime is 0.13747069835662845 minutes
2020-12-04 17:34:50,387:INFO:Fitting Model
2020-12-04 17:34:50,391:INFO:Evaluating Metrics
2020-12-04 17:34:50,392:INFO:No inverse transformer found
2020-12-04 17:34:50,392:INFO:Compiling Metrics
2020-12-04 17:34:50,397:INFO:Initializing Fold 6
2020-12-04 17:34:50,397:INFO:Total runtime is 0.13770733277002975 minutes
2020-12-04 17:34:50,401:INFO:Fitting Model
2020-12-04 17:34:50,405:INFO:Evaluating Metrics
2020-12-04 17:34:50,406:INFO:No inverse transformer found
2020-12-04 17:34:50,406:INFO:Compiling Metrics
2020-12-04 17:34:50,411:INFO:Initializing Fold 7
2020-12-04 17:34:50,412:INFO:Total runtime is 0.13795113166173303 minutes
2020-12-04 17:34:50,415:INFO:Fitting Model
2020-12-04 17:34:50,419:INFO:Evaluating Metrics
2020-12-04 17:34:50,421:INFO:No inverse transformer found
2020-12-04 17:34:50,421:INFO:Compiling Metrics
2020-12-04 17:34:50,426:INFO:Initializing Fold 8
2020-12-04 17:34:50,426:INFO:Total runtime is 0.13819402853647872 minutes
2020-12-04 17:34:50,430:INFO:Fitting Model
2020-12-04 17:34:50,433:INFO:Evaluating Metrics
2020-12-04 17:34:50,435:INFO:No inverse transformer found
2020-12-04 17:34:50,435:INFO:Compiling Metrics
2020-12-04 17:34:50,440:INFO:Initializing Fold 9
2020-12-04 17:34:50,441:INFO:Total runtime is 0.13843446572621668 minutes
2020-12-04 17:34:50,445:INFO:Fitting Model
2020-12-04 17:34:50,448:INFO:Evaluating Metrics
2020-12-04 17:34:50,449:INFO:No inverse transformer found
2020-12-04 17:34:50,449:INFO:Compiling Metrics
2020-12-04 17:34:50,454:INFO:Initializing Fold 10
2020-12-04 17:34:50,454:INFO:Total runtime is 0.1386648297309876 minutes
2020-12-04 17:34:50,459:INFO:Fitting Model
2020-12-04 17:34:50,463:INFO:Evaluating Metrics
2020-12-04 17:34:50,464:INFO:No inverse transformer found
2020-12-04 17:34:50,464:INFO:Compiling Metrics
2020-12-04 17:34:50,468:INFO:Calculating mean and std
2020-12-04 17:34:50,468:INFO:Creating metrics dataframe
2020-12-04 17:34:50,479:INFO:Initializing Random Forest
2020-12-04 17:34:50,483:INFO:Initializing Fold 1
2020-12-04 17:34:50,483:INFO:Total runtime is 0.1391426285107931 minutes
2020-12-04 17:34:50,488:INFO:Fitting Model
2020-12-04 17:34:50,597:INFO:Evaluating Metrics
2020-12-04 17:34:50,606:INFO:No inverse transformer found
2020-12-04 17:34:50,607:INFO:Compiling Metrics
2020-12-04 17:34:50,611:INFO:Initializing Fold 2
2020-12-04 17:34:50,612:INFO:Total runtime is 0.1412822802861532 minutes
2020-12-04 17:34:50,616:INFO:Fitting Model
2020-12-04 17:34:50,727:INFO:Evaluating Metrics
2020-12-04 17:34:50,736:INFO:No inverse transformer found
2020-12-04 17:34:50,737:INFO:Compiling Metrics
2020-12-04 17:34:50,741:INFO:Initializing Fold 3
2020-12-04 17:34:50,742:INFO:Total runtime is 0.1434511462847392 minutes
2020-12-04 17:34:50,746:INFO:Fitting Model
2020-12-04 17:34:50,857:INFO:Evaluating Metrics
2020-12-04 17:34:50,868:INFO:No inverse transformer found
2020-12-04 17:34:50,868:INFO:Compiling Metrics
2020-12-04 17:34:50,872:INFO:Initializing Fold 4
2020-12-04 17:34:50,873:INFO:Total runtime is 0.1456380645434062 minutes
2020-12-04 17:34:50,877:INFO:Fitting Model
2020-12-04 17:34:50,984:INFO:Evaluating Metrics
2020-12-04 17:34:50,994:INFO:No inverse transformer found
2020-12-04 17:34:50,994:INFO:Compiling Metrics
2020-12-04 17:34:50,998:INFO:Initializing Fold 5
2020-12-04 17:34:50,999:INFO:Total runtime is 0.14773638248443605 minutes
2020-12-04 17:34:51,002:INFO:Fitting Model
2020-12-04 17:34:51,110:INFO:Evaluating Metrics
2020-12-04 17:34:51,120:INFO:No inverse transformer found
2020-12-04 17:34:51,120:INFO:Compiling Metrics
2020-12-04 17:34:51,125:INFO:Initializing Fold 6
2020-12-04 17:34:51,125:INFO:Total runtime is 0.14984081586201986 minutes
2020-12-04 17:34:51,129:INFO:Fitting Model
2020-12-04 17:34:51,239:INFO:Evaluating Metrics
2020-12-04 17:34:51,248:INFO:No inverse transformer found
2020-12-04 17:34:51,249:INFO:Compiling Metrics
2020-12-04 17:34:51,253:INFO:Initializing Fold 7
2020-12-04 17:34:51,254:INFO:Total runtime is 0.15198206504185996 minutes
2020-12-04 17:34:51,257:INFO:Fitting Model
2020-12-04 17:34:51,366:INFO:Evaluating Metrics
2020-12-04 17:34:51,375:INFO:No inverse transformer found
2020-12-04 17:34:51,376:INFO:Compiling Metrics
2020-12-04 17:34:51,380:INFO:Initializing Fold 8
2020-12-04 17:34:51,381:INFO:Total runtime is 0.1540987292925517 minutes
2020-12-04 17:34:51,384:INFO:Fitting Model
2020-12-04 17:34:51,499:INFO:Evaluating Metrics
2020-12-04 17:34:51,509:INFO:No inverse transformer found
2020-12-04 17:34:51,509:INFO:Compiling Metrics
2020-12-04 17:34:51,513:INFO:Initializing Fold 9
2020-12-04 17:34:51,514:INFO:Total runtime is 0.1563174645105998 minutes
2020-12-04 17:34:51,518:INFO:Fitting Model
2020-12-04 17:34:51,625:INFO:Evaluating Metrics
2020-12-04 17:34:51,634:INFO:No inverse transformer found
2020-12-04 17:34:51,635:INFO:Compiling Metrics
2020-12-04 17:34:51,639:INFO:Initializing Fold 10
2020-12-04 17:34:51,640:INFO:Total runtime is 0.1584160963694255 minutes
2020-12-04 17:34:51,643:INFO:Fitting Model
2020-12-04 17:34:51,750:INFO:Evaluating Metrics
2020-12-04 17:34:51,760:INFO:No inverse transformer found
2020-12-04 17:34:51,760:INFO:Compiling Metrics
2020-12-04 17:34:51,764:INFO:Calculating mean and std
2020-12-04 17:34:51,764:INFO:Creating metrics dataframe
2020-12-04 17:34:51,775:INFO:Initializing Extra Trees Regressor
2020-12-04 17:34:51,778:INFO:Initializing Fold 1
2020-12-04 17:34:51,779:INFO:Total runtime is 0.16073658068974817 minutes
2020-12-04 17:34:51,783:INFO:Fitting Model
2020-12-04 17:34:51,869:INFO:Evaluating Metrics
2020-12-04 17:34:51,878:INFO:No inverse transformer found
2020-12-04 17:34:51,878:INFO:Compiling Metrics
2020-12-04 17:34:51,883:INFO:Initializing Fold 2
2020-12-04 17:34:51,883:INFO:Total runtime is 0.16247884829839074 minutes
2020-12-04 17:34:51,887:INFO:Fitting Model
2020-12-04 17:34:51,973:INFO:Evaluating Metrics
2020-12-04 17:34:51,982:INFO:No inverse transformer found
2020-12-04 17:34:51,983:INFO:Compiling Metrics
2020-12-04 17:34:51,987:INFO:Initializing Fold 3
2020-12-04 17:34:51,987:INFO:Total runtime is 0.16421361366907758 minutes
2020-12-04 17:34:51,991:INFO:Fitting Model
2020-12-04 17:34:52,075:INFO:Evaluating Metrics
2020-12-04 17:34:52,084:INFO:No inverse transformer found
2020-12-04 17:34:52,085:INFO:Compiling Metrics
2020-12-04 17:34:52,089:INFO:Initializing Fold 4
2020-12-04 17:34:52,089:INFO:Total runtime is 0.1659152626991272 minutes
2020-12-04 17:34:52,094:INFO:Fitting Model
2020-12-04 17:34:52,179:INFO:Evaluating Metrics
2020-12-04 17:34:52,188:INFO:No inverse transformer found
2020-12-04 17:34:52,188:INFO:Compiling Metrics
2020-12-04 17:34:52,193:INFO:Initializing Fold 5
2020-12-04 17:34:52,193:INFO:Total runtime is 0.16764536698659263 minutes
2020-12-04 17:34:52,197:INFO:Fitting Model
2020-12-04 17:34:52,282:INFO:Evaluating Metrics
2020-12-04 17:34:52,291:INFO:No inverse transformer found
2020-12-04 17:34:52,292:INFO:Compiling Metrics
2020-12-04 17:34:52,296:INFO:Initializing Fold 6
2020-12-04 17:34:52,296:INFO:Total runtime is 0.16936361392339072 minutes
2020-12-04 17:34:52,300:INFO:Fitting Model
2020-12-04 17:34:52,386:INFO:Evaluating Metrics
2020-12-04 17:34:52,395:INFO:No inverse transformer found
2020-12-04 17:34:52,395:INFO:Compiling Metrics
2020-12-04 17:34:52,400:INFO:Initializing Fold 7
2020-12-04 17:34:52,400:INFO:Total runtime is 0.17109189828236898 minutes
2020-12-04 17:34:52,404:INFO:Fitting Model
2020-12-04 17:34:52,487:INFO:Evaluating Metrics
2020-12-04 17:34:52,496:INFO:No inverse transformer found
2020-12-04 17:34:52,496:INFO:Compiling Metrics
2020-12-04 17:34:52,501:INFO:Initializing Fold 8
2020-12-04 17:34:52,501:INFO:Total runtime is 0.17277629772822062 minutes
2020-12-04 17:34:52,505:INFO:Fitting Model
2020-12-04 17:34:52,590:INFO:Evaluating Metrics
2020-12-04 17:34:52,600:INFO:No inverse transformer found
2020-12-04 17:34:52,600:INFO:Compiling Metrics
2020-12-04 17:34:52,604:INFO:Initializing Fold 9
2020-12-04 17:34:52,605:INFO:Total runtime is 0.1744991978009542 minutes
2020-12-04 17:34:52,608:INFO:Fitting Model
2020-12-04 17:34:52,695:INFO:Evaluating Metrics
2020-12-04 17:34:52,705:INFO:No inverse transformer found
2020-12-04 17:34:52,705:INFO:Compiling Metrics
2020-12-04 17:34:52,709:INFO:Initializing Fold 10
2020-12-04 17:34:52,710:INFO:Total runtime is 0.1762486457824707 minutes
2020-12-04 17:34:52,713:INFO:Fitting Model
2020-12-04 17:34:52,799:INFO:Evaluating Metrics
2020-12-04 17:34:52,808:INFO:No inverse transformer found
2020-12-04 17:34:52,808:INFO:Compiling Metrics
2020-12-04 17:34:52,812:INFO:Calculating mean and std
2020-12-04 17:34:52,813:INFO:Creating metrics dataframe
2020-12-04 17:34:52,823:INFO:Initializing AdaBoost Regressor
2020-12-04 17:34:52,827:INFO:Initializing Fold 1
2020-12-04 17:34:52,827:INFO:Total runtime is 0.1782151500384013 minutes
2020-12-04 17:34:52,831:INFO:Fitting Model
2020-12-04 17:34:52,888:INFO:Evaluating Metrics
2020-12-04 17:34:52,892:INFO:No inverse transformer found
2020-12-04 17:34:52,892:INFO:Compiling Metrics
2020-12-04 17:34:52,896:INFO:Initializing Fold 2
2020-12-04 17:34:52,897:INFO:Total runtime is 0.17936578194300334 minutes
2020-12-04 17:34:52,900:INFO:Fitting Model
2020-12-04 17:34:52,960:INFO:Evaluating Metrics
2020-12-04 17:34:52,963:INFO:No inverse transformer found
2020-12-04 17:34:52,963:INFO:Compiling Metrics
2020-12-04 17:34:52,968:INFO:Initializing Fold 3
2020-12-04 17:34:52,968:INFO:Total runtime is 0.18055938084920248 minutes
2020-12-04 17:34:52,972:INFO:Fitting Model
2020-12-04 17:34:53,032:INFO:Evaluating Metrics
2020-12-04 17:34:53,036:INFO:No inverse transformer found
2020-12-04 17:34:53,036:INFO:Compiling Metrics
2020-12-04 17:34:53,040:INFO:Initializing Fold 4
2020-12-04 17:34:53,041:INFO:Total runtime is 0.1817704995473226 minutes
2020-12-04 17:34:53,044:INFO:Fitting Model
2020-12-04 17:34:53,103:INFO:Evaluating Metrics
2020-12-04 17:34:53,107:INFO:No inverse transformer found
2020-12-04 17:34:53,107:INFO:Compiling Metrics
2020-12-04 17:34:53,111:INFO:Initializing Fold 5
2020-12-04 17:34:53,112:INFO:Total runtime is 0.18294948339462283 minutes
2020-12-04 17:34:53,115:INFO:Fitting Model
2020-12-04 17:34:53,175:INFO:Evaluating Metrics
2020-12-04 17:34:53,179:INFO:No inverse transformer found
2020-12-04 17:34:53,179:INFO:Compiling Metrics
2020-12-04 17:34:53,183:INFO:Initializing Fold 6
2020-12-04 17:34:53,183:INFO:Total runtime is 0.18414831161499026 minutes
2020-12-04 17:34:53,187:INFO:Fitting Model
2020-12-04 17:34:53,246:INFO:Evaluating Metrics
2020-12-04 17:34:53,250:INFO:No inverse transformer found
2020-12-04 17:34:53,250:INFO:Compiling Metrics
2020-12-04 17:34:53,254:INFO:Initializing Fold 7
2020-12-04 17:34:53,254:INFO:Total runtime is 0.18532992998758954 minutes
2020-12-04 17:34:53,258:INFO:Fitting Model
2020-12-04 17:34:53,317:INFO:Evaluating Metrics
2020-12-04 17:34:53,322:INFO:No inverse transformer found
2020-12-04 17:34:53,322:INFO:Compiling Metrics
2020-12-04 17:34:53,326:INFO:Initializing Fold 8
2020-12-04 17:34:53,326:INFO:Total runtime is 0.18653136491775515 minutes
2020-12-04 17:34:53,330:INFO:Fitting Model
2020-12-04 17:34:53,389:INFO:Evaluating Metrics
2020-12-04 17:34:53,392:INFO:No inverse transformer found
2020-12-04 17:34:53,392:INFO:Compiling Metrics
2020-12-04 17:34:53,397:INFO:Initializing Fold 9
2020-12-04 17:34:53,397:INFO:Total runtime is 0.18771176338195802 minutes
2020-12-04 17:34:53,401:INFO:Fitting Model
2020-12-04 17:34:53,460:INFO:Evaluating Metrics
2020-12-04 17:34:53,464:INFO:No inverse transformer found
2020-12-04 17:34:53,464:INFO:Compiling Metrics
2020-12-04 17:34:53,469:INFO:Initializing Fold 10
2020-12-04 17:34:53,469:INFO:Total runtime is 0.1889075477917989 minutes
2020-12-04 17:34:53,473:INFO:Fitting Model
2020-12-04 17:34:53,533:INFO:Evaluating Metrics
2020-12-04 17:34:53,537:INFO:No inverse transformer found
2020-12-04 17:34:53,537:INFO:Compiling Metrics
2020-12-04 17:34:53,541:INFO:Calculating mean and std
2020-12-04 17:34:53,542:INFO:Creating metrics dataframe
2020-12-04 17:34:53,552:INFO:Initializing Gradient Boosting Regressor
2020-12-04 17:34:53,556:INFO:Initializing Fold 1
2020-12-04 17:34:53,556:INFO:Total runtime is 0.19035648504892985 minutes
2020-12-04 17:34:53,561:INFO:Fitting Model
2020-12-04 17:34:53,629:INFO:Evaluating Metrics
2020-12-04 17:34:53,631:INFO:No inverse transformer found
2020-12-04 17:34:53,631:INFO:Compiling Metrics
2020-12-04 17:34:53,635:INFO:Initializing Fold 2
2020-12-04 17:34:53,635:INFO:Total runtime is 0.19168174664179485 minutes
2020-12-04 17:34:53,639:INFO:Fitting Model
2020-12-04 17:34:53,708:INFO:Evaluating Metrics
2020-12-04 17:34:53,709:INFO:No inverse transformer found
2020-12-04 17:34:53,709:INFO:Compiling Metrics
2020-12-04 17:34:53,714:INFO:Initializing Fold 3
2020-12-04 17:34:53,714:INFO:Total runtime is 0.19299396673838298 minutes
2020-12-04 17:34:53,718:INFO:Fitting Model
2020-12-04 17:34:53,786:INFO:Evaluating Metrics
2020-12-04 17:34:53,788:INFO:No inverse transformer found
2020-12-04 17:34:53,788:INFO:Compiling Metrics
2020-12-04 17:34:53,792:INFO:Initializing Fold 4
2020-12-04 17:34:53,793:INFO:Total runtime is 0.19429906606674194 minutes
2020-12-04 17:34:53,796:INFO:Fitting Model
2020-12-04 17:34:53,865:INFO:Evaluating Metrics
2020-12-04 17:34:53,867:INFO:No inverse transformer found
2020-12-04 17:34:53,867:INFO:Compiling Metrics
2020-12-04 17:34:53,871:INFO:Initializing Fold 5
2020-12-04 17:34:53,871:INFO:Total runtime is 0.19561484654744465 minutes
2020-12-04 17:34:53,875:INFO:Fitting Model
2020-12-04 17:34:53,944:INFO:Evaluating Metrics
2020-12-04 17:34:53,945:INFO:No inverse transformer found
2020-12-04 17:34:53,945:INFO:Compiling Metrics
2020-12-04 17:34:53,950:INFO:Initializing Fold 6
2020-12-04 17:34:53,950:INFO:Total runtime is 0.1969262679417928 minutes
2020-12-04 17:34:53,954:INFO:Fitting Model
2020-12-04 17:34:54,024:INFO:Evaluating Metrics
2020-12-04 17:34:54,025:INFO:No inverse transformer found
2020-12-04 17:34:54,025:INFO:Compiling Metrics
2020-12-04 17:34:54,029:INFO:Initializing Fold 7
2020-12-04 17:34:54,030:INFO:Total runtime is 0.19825350046157836 minutes
2020-12-04 17:34:54,033:INFO:Fitting Model
2020-12-04 17:34:54,103:INFO:Evaluating Metrics
2020-12-04 17:34:54,104:INFO:No inverse transformer found
2020-12-04 17:34:54,104:INFO:Compiling Metrics
2020-12-04 17:34:54,109:INFO:Initializing Fold 8
2020-12-04 17:34:54,109:INFO:Total runtime is 0.1995728611946106 minutes
2020-12-04 17:34:54,112:INFO:Fitting Model
2020-12-04 17:34:54,182:INFO:Evaluating Metrics
2020-12-04 17:34:54,183:INFO:No inverse transformer found
2020-12-04 17:34:54,183:INFO:Compiling Metrics
2020-12-04 17:34:54,188:INFO:Initializing Fold 9
2020-12-04 17:34:54,188:INFO:Total runtime is 0.20088909864425658 minutes
2020-12-04 17:34:54,191:INFO:Fitting Model
2020-12-04 17:34:54,260:INFO:Evaluating Metrics
2020-12-04 17:34:54,262:INFO:No inverse transformer found
2020-12-04 17:34:54,262:INFO:Compiling Metrics
2020-12-04 17:34:54,266:INFO:Initializing Fold 10
2020-12-04 17:34:54,266:INFO:Total runtime is 0.20219736496607463 minutes
2020-12-04 17:34:54,270:INFO:Fitting Model
2020-12-04 17:34:54,347:INFO:Evaluating Metrics
2020-12-04 17:34:54,349:INFO:No inverse transformer found
2020-12-04 17:34:54,349:INFO:Compiling Metrics
2020-12-04 17:34:54,354:INFO:Calculating mean and std
2020-12-04 17:34:54,354:INFO:Creating metrics dataframe
2020-12-04 17:34:54,365:INFO:Initializing Extreme Gradient Boosting
2020-12-04 17:34:54,372:INFO:Initializing Fold 1
2020-12-04 17:34:54,373:INFO:Total runtime is 0.20396910111109415 minutes
2020-12-04 17:34:54,379:INFO:Fitting Model
2020-12-04 17:34:54,465:INFO:Evaluating Metrics
2020-12-04 17:34:54,467:INFO:No inverse transformer found
2020-12-04 17:34:54,467:INFO:Compiling Metrics
2020-12-04 17:34:54,472:INFO:Initializing Fold 2
2020-12-04 17:34:54,473:INFO:Total runtime is 0.20563464959462482 minutes
2020-12-04 17:34:54,477:INFO:Fitting Model
2020-12-04 17:34:54,555:INFO:Evaluating Metrics
2020-12-04 17:34:54,556:INFO:No inverse transformer found
2020-12-04 17:34:54,556:INFO:Compiling Metrics
2020-12-04 17:34:54,562:INFO:Initializing Fold 3
2020-12-04 17:34:54,563:INFO:Total runtime is 0.20713263352711994 minutes
2020-12-04 17:34:54,568:INFO:Fitting Model
2020-12-04 17:34:54,632:INFO:Evaluating Metrics
2020-12-04 17:34:54,633:INFO:No inverse transformer found
2020-12-04 17:34:54,633:INFO:Compiling Metrics
2020-12-04 17:34:54,638:INFO:Initializing Fold 4
2020-12-04 17:34:54,639:INFO:Total runtime is 0.20840022961298624 minutes
2020-12-04 17:34:54,643:INFO:Fitting Model
2020-12-04 17:34:54,708:INFO:Evaluating Metrics
2020-12-04 17:34:54,709:INFO:No inverse transformer found
2020-12-04 17:34:54,709:INFO:Compiling Metrics
2020-12-04 17:34:54,714:INFO:Initializing Fold 5
2020-12-04 17:34:54,714:INFO:Total runtime is 0.20966161489486693 minutes
2020-12-04 17:34:54,718:INFO:Fitting Model
2020-12-04 17:34:54,780:INFO:Evaluating Metrics
2020-12-04 17:34:54,781:INFO:No inverse transformer found
2020-12-04 17:34:54,781:INFO:Compiling Metrics
2020-12-04 17:34:54,786:INFO:Initializing Fold 6
2020-12-04 17:34:54,786:INFO:Total runtime is 0.21085803111394244 minutes
2020-12-04 17:34:54,790:INFO:Fitting Model
2020-12-04 17:34:54,851:INFO:Evaluating Metrics
2020-12-04 17:34:54,852:INFO:No inverse transformer found
2020-12-04 17:34:54,852:INFO:Compiling Metrics
2020-12-04 17:34:54,857:INFO:Initializing Fold 7
2020-12-04 17:34:54,857:INFO:Total runtime is 0.21203972895940143 minutes
2020-12-04 17:34:54,861:INFO:Fitting Model
2020-12-04 17:34:54,922:INFO:Evaluating Metrics
2020-12-04 17:34:54,923:INFO:No inverse transformer found
2020-12-04 17:34:54,923:INFO:Compiling Metrics
2020-12-04 17:34:54,928:INFO:Initializing Fold 8
2020-12-04 17:34:54,928:INFO:Total runtime is 0.21322280168533322 minutes
2020-12-04 17:34:54,931:INFO:Fitting Model
2020-12-04 17:34:54,994:INFO:Evaluating Metrics
2020-12-04 17:34:54,996:INFO:No inverse transformer found
2020-12-04 17:34:54,996:INFO:Compiling Metrics
2020-12-04 17:34:55,000:INFO:Initializing Fold 9
2020-12-04 17:34:55,001:INFO:Total runtime is 0.21443818012873328 minutes
2020-12-04 17:34:55,004:INFO:Fitting Model
2020-12-04 17:34:55,065:INFO:Evaluating Metrics
2020-12-04 17:34:55,067:INFO:No inverse transformer found
2020-12-04 17:34:55,067:INFO:Compiling Metrics
2020-12-04 17:34:55,072:INFO:Initializing Fold 10
2020-12-04 17:34:55,072:INFO:Total runtime is 0.21562646627426144 minutes
2020-12-04 17:34:55,076:INFO:Fitting Model
2020-12-04 17:34:55,137:INFO:Evaluating Metrics
2020-12-04 17:34:55,138:INFO:No inverse transformer found
2020-12-04 17:34:55,138:INFO:Compiling Metrics
2020-12-04 17:34:55,142:INFO:Calculating mean and std
2020-12-04 17:34:55,143:INFO:Creating metrics dataframe
2020-12-04 17:34:55,153:INFO:Initializing Light Gradient Boosting Machine
2020-12-04 17:34:55,157:INFO:Initializing Fold 1
2020-12-04 17:34:55,158:INFO:Total runtime is 0.21705468098322547 minutes
2020-12-04 17:34:55,163:INFO:Fitting Model
2020-12-04 17:34:55,186:INFO:Evaluating Metrics
2020-12-04 17:34:55,188:INFO:No inverse transformer found
2020-12-04 17:34:55,188:INFO:Compiling Metrics
2020-12-04 17:34:55,193:INFO:Initializing Fold 2
2020-12-04 17:34:55,194:INFO:Total runtime is 0.21765259901682532 minutes
2020-12-04 17:34:55,197:INFO:Fitting Model
2020-12-04 17:34:55,220:INFO:Evaluating Metrics
2020-12-04 17:34:55,222:INFO:No inverse transformer found
2020-12-04 17:34:55,222:INFO:Compiling Metrics
2020-12-04 17:34:55,227:INFO:Initializing Fold 3
2020-12-04 17:34:55,228:INFO:Total runtime is 0.21821703116099037 minutes
2020-12-04 17:34:55,231:INFO:Fitting Model
2020-12-04 17:34:55,253:INFO:Evaluating Metrics
2020-12-04 17:34:55,254:INFO:No inverse transformer found
2020-12-04 17:34:55,255:INFO:Compiling Metrics
2020-12-04 17:34:55,259:INFO:Initializing Fold 4
2020-12-04 17:34:55,259:INFO:Total runtime is 0.2187456647555033 minutes
2020-12-04 17:34:55,263:INFO:Fitting Model
2020-12-04 17:34:55,284:INFO:Evaluating Metrics
2020-12-04 17:34:55,287:INFO:No inverse transformer found
2020-12-04 17:34:55,287:INFO:Compiling Metrics
2020-12-04 17:34:55,291:INFO:Initializing Fold 5
2020-12-04 17:34:55,292:INFO:Total runtime is 0.2192882974942525 minutes
2020-12-04 17:34:55,296:INFO:Fitting Model
2020-12-04 17:34:55,317:INFO:Evaluating Metrics
2020-12-04 17:34:55,319:INFO:No inverse transformer found
2020-12-04 17:34:55,319:INFO:Compiling Metrics
2020-12-04 17:34:55,323:INFO:Initializing Fold 6
2020-12-04 17:34:55,324:INFO:Total runtime is 0.219819696744283 minutes
2020-12-04 17:34:55,327:INFO:Fitting Model
2020-12-04 17:34:55,354:INFO:Evaluating Metrics
2020-12-04 17:34:55,355:INFO:No inverse transformer found
2020-12-04 17:34:55,355:INFO:Compiling Metrics
2020-12-04 17:34:55,360:INFO:Initializing Fold 7
2020-12-04 17:34:55,360:INFO:Total runtime is 0.22043091456095373 minutes
2020-12-04 17:34:55,364:INFO:Fitting Model
2020-12-04 17:34:55,386:INFO:Evaluating Metrics
2020-12-04 17:34:55,388:INFO:No inverse transformer found
2020-12-04 17:34:55,388:INFO:Compiling Metrics
2020-12-04 17:34:55,393:INFO:Initializing Fold 8
2020-12-04 17:34:55,393:INFO:Total runtime is 0.22098001241683957 minutes
2020-12-04 17:34:55,397:INFO:Fitting Model
2020-12-04 17:34:55,420:INFO:Evaluating Metrics
2020-12-04 17:34:55,422:INFO:No inverse transformer found
2020-12-04 17:34:55,422:INFO:Compiling Metrics
2020-12-04 17:34:55,427:INFO:Initializing Fold 9
2020-12-04 17:34:55,427:INFO:Total runtime is 0.22154554923375444 minutes
2020-12-04 17:34:55,431:INFO:Fitting Model
2020-12-04 17:34:55,454:INFO:Evaluating Metrics
2020-12-04 17:34:55,455:INFO:No inverse transformer found
2020-12-04 17:34:55,456:INFO:Compiling Metrics
2020-12-04 17:34:55,461:INFO:Initializing Fold 10
2020-12-04 17:34:55,461:INFO:Total runtime is 0.22210638125737506 minutes
2020-12-04 17:34:55,465:INFO:Fitting Model
2020-12-04 17:34:55,486:INFO:Evaluating Metrics
2020-12-04 17:34:55,488:INFO:No inverse transformer found
2020-12-04 17:34:55,488:INFO:Compiling Metrics
2020-12-04 17:34:55,493:INFO:Calculating mean and std
2020-12-04 17:34:55,493:INFO:Creating metrics dataframe
2020-12-04 17:34:55,504:INFO:Initializing CatBoost Regressor
2020-12-04 17:34:55,508:INFO:Initializing Fold 1
2020-12-04 17:34:55,509:INFO:Total runtime is 0.2229051311810811 minutes
2020-12-04 17:34:55,514:INFO:Fitting Model
2020-12-04 17:34:56,699:INFO:Evaluating Metrics
2020-12-04 17:34:56,701:INFO:No inverse transformer found
2020-12-04 17:34:56,701:INFO:Compiling Metrics
2020-12-04 17:34:56,705:INFO:Initializing Fold 2
2020-12-04 17:34:56,706:INFO:Total runtime is 0.24285409450531004 minutes
2020-12-04 17:34:56,709:INFO:Fitting Model
2020-12-04 17:34:57,648:INFO:Evaluating Metrics
2020-12-04 17:34:57,650:INFO:No inverse transformer found
2020-12-04 17:34:57,650:INFO:Compiling Metrics
2020-12-04 17:34:57,655:INFO:Initializing Fold 3
2020-12-04 17:34:57,655:INFO:Total runtime is 0.2586756110191345 minutes
2020-12-04 17:34:57,659:INFO:Fitting Model
2020-12-04 17:34:58,520:INFO:Evaluating Metrics
2020-12-04 17:34:58,522:INFO:No inverse transformer found
2020-12-04 17:34:58,522:INFO:Compiling Metrics
2020-12-04 17:34:58,527:INFO:Initializing Fold 4
2020-12-04 17:34:58,527:INFO:Total runtime is 0.27320833206176753 minutes
2020-12-04 17:34:58,531:INFO:Fitting Model
2020-12-04 17:34:59,410:INFO:Evaluating Metrics
2020-12-04 17:34:59,412:INFO:No inverse transformer found
2020-12-04 17:34:59,412:INFO:Compiling Metrics
2020-12-04 17:34:59,417:INFO:Initializing Fold 5
2020-12-04 17:34:59,418:INFO:Total runtime is 0.2880499958992004 minutes
2020-12-04 17:34:59,422:INFO:Fitting Model
2020-12-04 17:35:00,374:INFO:Evaluating Metrics
2020-12-04 17:35:00,376:INFO:No inverse transformer found
2020-12-04 17:35:00,377:INFO:Compiling Metrics
2020-12-04 17:35:00,381:INFO:Initializing Fold 6
2020-12-04 17:35:00,381:INFO:Total runtime is 0.30411094824473056 minutes
2020-12-04 17:35:00,386:INFO:Fitting Model
2020-12-04 17:35:01,303:INFO:Evaluating Metrics
2020-12-04 17:35:01,305:INFO:No inverse transformer found
2020-12-04 17:35:01,305:INFO:Compiling Metrics
2020-12-04 17:35:01,310:INFO:Initializing Fold 7
2020-12-04 17:35:01,310:INFO:Total runtime is 0.31959084669748933 minutes
2020-12-04 17:35:01,314:INFO:Fitting Model
2020-12-04 17:35:02,177:INFO:Evaluating Metrics
2020-12-04 17:35:02,179:INFO:No inverse transformer found
2020-12-04 17:35:02,179:INFO:Compiling Metrics
2020-12-04 17:35:02,183:INFO:Initializing Fold 8
2020-12-04 17:35:02,184:INFO:Total runtime is 0.3341508626937865 minutes
2020-12-04 17:35:02,187:INFO:Fitting Model
2020-12-04 17:35:03,109:INFO:Evaluating Metrics
2020-12-04 17:35:03,111:INFO:No inverse transformer found
2020-12-04 17:35:03,111:INFO:Compiling Metrics
2020-12-04 17:35:03,116:INFO:Initializing Fold 9
2020-12-04 17:35:03,116:INFO:Total runtime is 0.3496930638949075 minutes
2020-12-04 17:35:03,121:INFO:Fitting Model
2020-12-04 17:35:04,015:INFO:Evaluating Metrics
2020-12-04 17:35:04,017:INFO:No inverse transformer found
2020-12-04 17:35:04,017:INFO:Compiling Metrics
2020-12-04 17:35:04,022:INFO:Initializing Fold 10
2020-12-04 17:35:04,022:INFO:Total runtime is 0.3647951801617939 minutes
2020-12-04 17:35:04,026:INFO:Fitting Model
2020-12-04 17:35:04,895:INFO:Evaluating Metrics
2020-12-04 17:35:04,897:INFO:No inverse transformer found
2020-12-04 17:35:04,897:INFO:Compiling Metrics
2020-12-04 17:35:04,902:INFO:Calculating mean and std
2020-12-04 17:35:04,902:INFO:Creating metrics dataframe
2020-12-04 17:35:04,916:INFO:Finalizing top_n models
2020-12-04 17:35:04,916:INFO:SubProcess create_model() called ==================================
2020-12-04 17:35:04,923:INFO:Initializing create_model()
2020-12-04 17:35:04,924:INFO:create_model(estimator=gbr, ensemble=False, method=None, fold=10, round=4, cross_validation=True, verbose=False, system=False)
2020-12-04 17:35:04,924:INFO:Checking exceptions
2020-12-04 17:35:04,924:INFO:Preloading libraries
2020-12-04 17:35:04,925:INFO:Preparing display monitor
2020-12-04 17:35:04,939:INFO:Copying training dataset
2020-12-04 17:35:04,939:INFO:Importing libraries
2020-12-04 17:35:04,941:INFO:Defining folds
2020-12-04 17:35:04,941:INFO:Declaring metric variables
2020-12-04 17:35:04,942:INFO:Gradient Boosting Regressor Imported succesfully
2020-12-04 17:35:04,943:INFO:Checking ensemble method
2020-12-04 17:35:04,944:INFO:Initializing Fold 1
2020-12-04 17:35:04,946:INFO:Fitting Model
2020-12-04 17:35:05,024:INFO:Evaluating Metrics
2020-12-04 17:35:05,025:INFO:No inverse transformation
2020-12-04 17:35:05,025:INFO:Compiling Metrics
2020-12-04 17:35:05,029:INFO:Initializing Fold 2
2020-12-04 17:35:05,030:INFO:Fitting Model
2020-12-04 17:35:05,097:INFO:Evaluating Metrics
2020-12-04 17:35:05,099:INFO:No inverse transformation
2020-12-04 17:35:05,099:INFO:Compiling Metrics
2020-12-04 17:35:05,103:INFO:Initializing Fold 3
2020-12-04 17:35:05,103:INFO:Fitting Model
2020-12-04 17:35:05,168:INFO:Evaluating Metrics
2020-12-04 17:35:05,169:INFO:No inverse transformation
2020-12-04 17:35:05,169:INFO:Compiling Metrics
2020-12-04 17:35:05,173:INFO:Initializing Fold 4
2020-12-04 17:35:05,175:INFO:Fitting Model
2020-12-04 17:35:05,241:INFO:Evaluating Metrics
2020-12-04 17:35:05,242:INFO:No inverse transformation
2020-12-04 17:35:05,242:INFO:Compiling Metrics
2020-12-04 17:35:05,246:INFO:Initializing Fold 5
2020-12-04 17:35:05,246:INFO:Fitting Model
2020-12-04 17:35:05,311:INFO:Evaluating Metrics
2020-12-04 17:35:05,312:INFO:No inverse transformation
2020-12-04 17:35:05,312:INFO:Compiling Metrics
2020-12-04 17:35:05,316:INFO:Initializing Fold 6
2020-12-04 17:35:05,317:INFO:Fitting Model
2020-12-04 17:35:05,382:INFO:Evaluating Metrics
2020-12-04 17:35:05,383:INFO:No inverse transformation
2020-12-04 17:35:05,383:INFO:Compiling Metrics
2020-12-04 17:35:05,387:INFO:Initializing Fold 7
2020-12-04 17:35:05,388:INFO:Fitting Model
2020-12-04 17:35:05,450:INFO:Evaluating Metrics
2020-12-04 17:35:05,452:INFO:No inverse transformation
2020-12-04 17:35:05,452:INFO:Compiling Metrics
2020-12-04 17:35:05,456:INFO:Initializing Fold 8
2020-12-04 17:35:05,459:INFO:Fitting Model
2020-12-04 17:35:05,531:INFO:Evaluating Metrics
2020-12-04 17:35:05,533:INFO:No inverse transformation
2020-12-04 17:35:05,533:INFO:Compiling Metrics
2020-12-04 17:35:05,537:INFO:Initializing Fold 9
2020-12-04 17:35:05,538:INFO:Fitting Model
2020-12-04 17:35:05,606:INFO:Evaluating Metrics
2020-12-04 17:35:05,608:INFO:No inverse transformation
2020-12-04 17:35:05,608:INFO:Compiling Metrics
2020-12-04 17:35:05,612:INFO:Initializing Fold 10
2020-12-04 17:35:05,612:INFO:Fitting Model
2020-12-04 17:35:05,678:INFO:Evaluating Metrics
2020-12-04 17:35:05,679:INFO:No inverse transformation
2020-12-04 17:35:05,679:INFO:Compiling Metrics
2020-12-04 17:35:05,683:INFO:Calculating mean and std
2020-12-04 17:35:05,684:INFO:Creating metrics dataframe
2020-12-04 17:35:05,687:INFO:Finalizing model
2020-12-04 17:35:05,760:INFO:Uploading results into container
2020-12-04 17:35:05,760:INFO:Uploading model into container
2020-12-04 17:35:05,760:INFO:create_model_container: 1
2020-12-04 17:35:05,760:INFO:master_model_container: 1
2020-12-04 17:35:05,760:INFO:display_container: 1
2020-12-04 17:35:05,761:INFO:GradientBoostingRegressor(alpha=0.9, ccp_alpha=0.0, criterion='friedman_mse',
                          init=None, learning_rate=0.1, loss='ls', max_depth=3,
                          max_features=None, max_leaf_nodes=None,
                          min_impurity_decrease=0.0, min_impurity_split=None,
                          min_samples_leaf=1, min_samples_split=2,
                          min_weight_fraction_leaf=0.0, n_estimators=100,
                          n_iter_no_change=None, presort='deprecated',
                          random_state=6731, subsample=1.0, tol=0.0001,
                          validation_fraction=0.1, verbose=0, warm_start=False)
2020-12-04 17:35:05,761:INFO:create_model() succesfully completed......................................
2020-12-04 17:35:05,761:INFO:SubProcess create_model() end ==================================
2020-12-04 17:35:05,817:INFO:create_model_container: 1
2020-12-04 17:35:05,817:INFO:master_model_container: 1
2020-12-04 17:35:05,817:INFO:display_container: 2
2020-12-04 17:35:05,818:INFO:GradientBoostingRegressor(alpha=0.9, ccp_alpha=0.0, criterion='friedman_mse',
                          init=None, learning_rate=0.1, loss='ls', max_depth=3,
                          max_features=None, max_leaf_nodes=None,
                          min_impurity_decrease=0.0, min_impurity_split=None,
                          min_samples_leaf=1, min_samples_split=2,
                          min_weight_fraction_leaf=0.0, n_estimators=100,
                          n_iter_no_change=None, presort='deprecated',
                          random_state=6731, subsample=1.0, tol=0.0001,
                          validation_fraction=0.1, verbose=0, warm_start=False)
2020-12-04 17:35:05,818:INFO:compare_models() succesfully completed......................................
2020-12-04 17:35:20,030:INFO:Initializing create_model()
2020-12-04 17:35:20,031:INFO:create_model(estimator=rf, ensemble=False, method=None, fold=10, round=4, cross_validation=True, verbose=True, system=True)
2020-12-04 17:35:20,031:INFO:Checking exceptions
2020-12-04 17:35:20,031:INFO:Preloading libraries
2020-12-04 17:35:20,031:INFO:Preparing display monitor
2020-12-04 17:35:20,054:INFO:Copying training dataset
2020-12-04 17:35:20,054:INFO:Importing libraries
2020-12-04 17:35:20,055:INFO:Defining folds
2020-12-04 17:35:20,055:INFO:Declaring metric variables
2020-12-04 17:35:20,059:INFO:Random Forest Regressor Imported succesfully
2020-12-04 17:35:20,060:INFO:Checking ensemble method
2020-12-04 17:35:20,067:INFO:Initializing Fold 1
2020-12-04 17:35:20,074:INFO:Fitting Model
2020-12-04 17:35:20,200:INFO:Evaluating Metrics
2020-12-04 17:35:20,209:INFO:No inverse transformation
2020-12-04 17:35:20,209:INFO:Compiling Metrics
2020-12-04 17:35:20,221:INFO:Initializing Fold 2
2020-12-04 17:35:20,226:INFO:Fitting Model
2020-12-04 17:35:20,338:INFO:Evaluating Metrics
2020-12-04 17:35:20,348:INFO:No inverse transformation
2020-12-04 17:35:20,348:INFO:Compiling Metrics
2020-12-04 17:35:20,360:INFO:Initializing Fold 3
2020-12-04 17:35:20,366:INFO:Fitting Model
2020-12-04 17:35:20,482:INFO:Evaluating Metrics
2020-12-04 17:35:20,493:INFO:No inverse transformation
2020-12-04 17:35:20,493:INFO:Compiling Metrics
2020-12-04 17:35:20,505:INFO:Initializing Fold 4
2020-12-04 17:35:20,510:INFO:Fitting Model
2020-12-04 17:35:20,630:INFO:Evaluating Metrics
2020-12-04 17:35:20,641:INFO:No inverse transformation
2020-12-04 17:35:20,641:INFO:Compiling Metrics
2020-12-04 17:35:20,653:INFO:Initializing Fold 5
2020-12-04 17:35:20,657:INFO:Fitting Model
2020-12-04 17:35:20,776:INFO:Evaluating Metrics
2020-12-04 17:35:20,787:INFO:No inverse transformation
2020-12-04 17:35:20,787:INFO:Compiling Metrics
2020-12-04 17:35:20,800:INFO:Initializing Fold 6
2020-12-04 17:35:20,804:INFO:Fitting Model
2020-12-04 17:35:20,921:INFO:Evaluating Metrics
2020-12-04 17:35:20,932:INFO:No inverse transformation
2020-12-04 17:35:20,932:INFO:Compiling Metrics
2020-12-04 17:35:20,946:INFO:Initializing Fold 7
2020-12-04 17:35:20,950:INFO:Fitting Model
2020-12-04 17:35:21,063:INFO:Evaluating Metrics
2020-12-04 17:35:21,075:INFO:No inverse transformation
2020-12-04 17:35:21,075:INFO:Compiling Metrics
2020-12-04 17:35:21,097:INFO:Initializing Fold 8
2020-12-04 17:35:21,101:INFO:Fitting Model
2020-12-04 17:35:21,221:INFO:Evaluating Metrics
2020-12-04 17:35:21,231:INFO:No inverse transformation
2020-12-04 17:35:21,231:INFO:Compiling Metrics
2020-12-04 17:35:21,244:INFO:Initializing Fold 9
2020-12-04 17:35:21,248:INFO:Fitting Model
2020-12-04 17:35:21,388:INFO:Evaluating Metrics
2020-12-04 17:35:21,400:INFO:No inverse transformation
2020-12-04 17:35:21,400:INFO:Compiling Metrics
2020-12-04 17:35:21,415:INFO:Initializing Fold 10
2020-12-04 17:35:21,419:INFO:Fitting Model
2020-12-04 17:35:21,534:INFO:Evaluating Metrics
2020-12-04 17:35:21,545:INFO:No inverse transformation
2020-12-04 17:35:21,546:INFO:Compiling Metrics
2020-12-04 17:35:21,559:INFO:Calculating mean and std
2020-12-04 17:35:21,560:INFO:Creating metrics dataframe
2020-12-04 17:35:21,566:INFO:Finalizing model
2020-12-04 17:35:21,686:INFO:Uploading results into container
2020-12-04 17:35:21,687:INFO:Uploading model into container
2020-12-04 17:35:21,712:INFO:create_model_container: 2
2020-12-04 17:35:21,713:INFO:master_model_container: 2
2020-12-04 17:35:21,713:INFO:display_container: 3
2020-12-04 17:35:21,714:INFO:RandomForestRegressor(bootstrap=True, ccp_alpha=0.0, criterion='mse',
                      max_depth=None, max_features='auto', max_leaf_nodes=None,
                      max_samples=None, min_impurity_decrease=0.0,
                      min_impurity_split=None, min_samples_leaf=1,
                      min_samples_split=2, min_weight_fraction_leaf=0.0,
                      n_estimators=100, n_jobs=-1, oob_score=False,
                      random_state=6731, verbose=0, warm_start=False)
2020-12-04 17:35:21,714:INFO:create_model() succesfully completed......................................
2020-12-04 17:35:33,178:INFO:Initializing tune_model()
2020-12-04 17:35:33,178:INFO:tune_model(estimator=rf, fold=10, round=4, n_iter=10, custom_grid=None, optimize=R2, choose_better=False, verbose=True)
2020-12-04 17:35:33,178:INFO:Checking exceptions
2020-12-04 17:36:28,112:INFO:Initializing plot_model()
2020-12-04 17:36:28,112:INFO:plot_model(estimator=RandomForestRegressor(bootstrap=True, ccp_alpha=0.0, criterion='mse',
                      max_depth=None, max_features='auto', max_leaf_nodes=None,
                      max_samples=None, min_impurity_decrease=0.0,
                      min_impurity_split=None, min_samples_leaf=1,
                      min_samples_split=2, min_weight_fraction_leaf=0.0,
                      n_estimators=100, n_jobs=-1, oob_score=False,
                      random_state=6731, verbose=0, warm_start=False), plot=residuals, save=False, verbose=True, system=True)
2020-12-04 17:36:28,113:INFO:Checking exceptions
2020-12-04 17:36:28,128:INFO:Preloading libraries
2020-12-04 17:36:28,128:INFO:Preparing display monitor
2020-12-04 17:36:28,134:INFO:Importing libraries
2020-12-04 17:36:28,134:INFO:plot type: residuals
2020-12-04 17:36:28,216:INFO:Fitting Model
2020-12-04 17:36:28,258:INFO:Scoring test/hold-out set
2020-12-04 17:36:28,710:INFO:Visual Rendered Successfully
2020-12-04 17:36:28,710:INFO:plot_model() succesfully completed......................................
2020-12-04 17:36:38,271:INFO:Initializing interpret_model()
2020-12-04 17:36:38,271:INFO:interpret_model(estimator=RandomForestRegressor(bootstrap=True, ccp_alpha=0.0, criterion='mse',
                      max_depth=None, max_features='auto', max_leaf_nodes=None,
                      max_samples=None, min_impurity_decrease=0.0,
                      min_impurity_split=None, min_samples_leaf=1,
                      min_samples_split=2, min_weight_fraction_leaf=0.0,
                      n_estimators=100, n_jobs=-1, oob_score=False,
                      random_state=6731, verbose=0, warm_start=False), plot=summary, feature=None, observation=None)
2020-12-04 17:36:38,271:INFO:Checking exceptions
2020-12-04 17:36:38,383:INFO:Importing libraries
2020-12-04 17:36:38,383:INFO:plot type: summary
2020-12-04 17:36:38,383:INFO:Creating TreeExplainer
2020-12-04 17:36:38,386:INFO:Compiling shap values
2020-12-04 17:36:39,288:INFO:Visual Rendered Successfully
2020-12-04 17:36:39,289:INFO:interpret_model() succesfully completed......................................
